pBgVBQBk1cEUpiaJSdvqfAHs1xh/crx7pqSos6wXxQJ5FUrpGqIS7r/xt6U0DHn1
b9BwRXm0DobzP6lOT5/kcKM3Eyt2W9kOZ/Tb39M99K0MWqV307nnbgv0/+/4yt45
AEoeyEXxImZdtxCTVlunHQXiNFWMTT4hudBsElOusMINd2TFyxH9IcPjh1Gx1RiI
1BAz8mV0Yw2Lpmk8/8DybQkeVaO8QZ1cV+Fp8VJK/vWWJdZq/dW8qqNfAQRrltUw
SWQAAKU2jU5DYuoYLh3Oy16qIn4kSw1US5fUVHlqwcx8B9IEo8SUXD/Sk964qe8l
TI8CzWSmk5/Sv6pADtUtO+6srHRdmGroDhdp56QfFg2U0SZaxUDPb8a7RoDK++Pc
N6bUf9JT95hRYP4in4gtvpyDtZ5BspO5jjQTvJMnXGZ+04clvXI9amcvzs46ta1W
eOElbEjjOuQ99k4n/3TGkWwAOn3Us/EycqpxrBMQqw4C7j7LdSXW5LgbN9n/Hciy
wuup3+30a1e0/U1Mi/rSdIXNJHhYEkOYTJll4yi2hos5RKmqDeZtIiJUxcKU2zii
pkd4mfAFHUQgdoAyQ41jRcGA9qy8qar4JiQwNas3mVn4hdZnCk0rVnLRVOojrrB7
B/LtiEc4MEU+P/Nzk199aMeEwV1iX+ijYoGeIERY3+D8U8b850T+TFuRVxm93R1o
BDeY5BIymz5q/hCMxABsKnjj+WxvUW/3K/WmG1WBrIxlP1mw+fIAc/4bvFlt58+I
Pa3sXXoz0wo0t6XJY34GnguQTDfCmGe3X0fesjA++3mT29Pydan1DgG3LrA85QB7
05QHCu++YIl9zs8SBvLpknZc3AqM1QGyweqt4QsttE0FCfWBFGCjgUCznvB7vIyA
UoVP35tdFJG6zGPI2Y2ECAMG0LpYO4ODpH20Y2hcHnGUgRNz99yfu+KjCUEEmJCE
27x6awjNVnOTQxoWr3iqxWlxviwIsm3xj7lqJb5Jdj14dP7kIdmD/zu8ZJhMJMIw
yOwAwo4rmSB6LCsKuGDeBRDzerKeeGONz376SRzRV5Zou27TEVXNSIoUQRLDLy61
VT3fbN0k2hwRpr+FuJWkm/lWx3Zj1pBJ/O60TMjl2AvXoBYzqe8XHgD2BikTYng9
XRk0NZBkaCzcfOQgW1+JVMpxS6JyWQgO2u5QIlVMCbUcWQf1rBn9EbH9qMQRMukx
evnqRu1cRZPXdeRDViXdfGD4rTqXfutGYHZpqtTZ2//ytTsvy7onypWPJPTC9DvJ
vdnjU9+13NI7X0jpSPtcKKueiehXSrBaGGnbwgEQfGM9l2NyGk1eBtQ4iTN2k52v
qkck4sZxPpd8wnK5m4VqdjnxyeIEiNT9ICHch81zH+iI20wKEwNCWWVEBFy0KXVv
vELsZQFkqVLWTVzF9tvTCE610xizDTiC2MIjoeQ/FPF4UHQgbejyz7ctLBVOr/Sv
swWsOkuP+R0ssEXH4GgltJJkcGmnykGiXkCzEOaJeG7clG3KRJorsc4TFT1d/t1j
xVXyV6OF+5iNUPZz4kSzpPgqFDWaLnlcuZJ2q/UUGmgQ85UtJtvpjpV3cWBqTQoe
vpnognSKjObJ6lomLhFa+jnIv1wVuKkEr5vINyi1LLbKtr13FGwp7xQM/f3V4hLT
8I5AQgxSdWVBIjrsDiwE4McY0nEcno4Ez/AGdzzM2UR0DcVcppUqFgiE8JbjNljn
8SILSdidjk5DYli5wOiBAjMn5VmXP3jp7BGyjiQb/5MKhDqECd57bTMd1ra58dpG
BBVzjwckPFRoJOng+mTHGRsE8HKDWdQprLCvY/DPVKQBXZ1F88BLJCLSBj2Qn5hF
4bXDqyt9l2zk2Hj+8G2d4B9hRbIOPgri9wHgf/0pnT6t4c4xQri3FBQodmSfgwM7
jZANEVWrcaj5Z9x+tdaxYcA1qcN3d5C0tMpJtHQ52MF5RVcF5ktPl11xi0gWHQMm
RWxLP24ZsHyOF7ip8rDtI6Jpf+3vop9Y+9HpNquGGqCJGfrpwjCNBvH2fegp5pWY
Jd4Mq9dITf7GztrtHrE19ZYKUZpulWhxXRt/Jg7yillFkiIRgQz6l6hsuMN89+Cm
gVqqnfiA6op0mMwpOHgMr8+JUQ+CrAMV0+7IeXJt8htigwpoP60vvv2w0LuoDFVw
HYwbU3QsnQF5fSkQS8rJYQDLpUg/ZVL+lMptOtt5gmOu5mCDeU7zGXDMdO+wqwhT
RDI/orGt/8TLyYbTC9Gg37c+c1ob1eBwr19cGlHYsYyhA3jMMyFo4yLHNaL9ss6M
NtJoV1q5S1n9GkMLHzLAecsOa9vxaSzrEVFN1ca/RpvVMuV0TgLcoQtN5czAiIRU
92d4JeP1R6pryoyfw2XBKDACWY6J6LEUwNlav1Q9cf2oRJthYsW3/MqFzsk9XmBm
agKPv50u0JaF0lX2YpNovvJ/l9ClSU59wEeA1rUQ4iW90MkNboR7iofCBcfeTGvt
6JsbS+G/SIMo2F1kkc7OwfxIdtTzHkExzf4tQayK4CJehkyBc8qXeT4w8ml7ESPA
53mgER54ekSA63Nx200soGTAQm2d2D+y/5+l30JcYf6E6dp9daib7xh2t2m7GopO
lSfAfpxGh7L+T5phrrK15zYmIQ/+snLmqADyXBmT9s57SrZsNkgqUDcoWAHz4bhx
JwGm7WgkWtavkRBiiKa7G0sjU56O7xXjHN8t9yHRMGX2DsnL/LY3wohbk3/9+ZAE
06yns63Mzl/frhHnKJ/UW9uSU3P0zj5YrIV4jce4jgFRlXuXit/tIZVZ9D+XoFwC
5JgMRaK/DIBn9YdbAu1kyQ1kzavLsmojc+44q4vYtqLy5mzTTf8LE0TZ5dCpBJk6
IXvwRYb8MHcQ6WrwKvhMn6moa+MbK18e9zg93hsq54hEg67BfIkL/hfTJgs4cB9A
FnHWOktuQtW4GwppQh4zT9Scac9twKXQmzewfWMjt3qVBXnIL5ZTTN7bt3QlXVT1
HjB5jr1HNX2ZaBDvSyClg9O4I1VJ8WOCCFkFIJLjwiwRQWKr90mKNXTnbHthEfC8
PKJz4iHVPGA/Ifp0JdXmUdsEwO4o3B5xPsdDQwmLTewQG/1fUuoW8klOaDzVjsmR
bL5fHNT7Q2iXpGMQlaa1eP9Pkxtf9hSFhP+Wkf6ciXLF4OBRUCG7489hcHRKcZhh
vu7Cy94MeSj2V+Y4hSM//rBl7eyYUESMlJ0zsbC/UeIl8sMdgR120I60YhUNlzuE
6vLQy7O+wV0BLSFD9m6BA4IziUq2s85jv6RL/vFk2Kr2IEBdFObou+roYlssaPJh
cKC9aXix+FQ2KM5nw/tbPnTPsyiOlASlO5gXDWKlV14z4Gv/Q56ejCCQ9Pmux0mJ
VFYPNbY4dbLAg8pAJByDxOiek0m9Eb4KWT+EF4tDE0wjojrRYs8UYjPwucrPNLkz
NNryEYN9gmOGaS9qJqre/5fyB7ulI3nERpSAWGWc3pfS47+rVeVnWe0SDz6odHCG
X9TEBdKU7L7gIgcSAvdpqHN2wAz1u0Sk7bjJfMGl4DLxWGGLJzHDPFUJG4BhFYDV
9YrDFGY5noEWz9ur5FB6UyLE9xn/dFoIeWQTTBEkCY8LZQvjnWYy4CdUcbaQmlya
8nkUK6slTJZ0lhwjTr2bYv8Sh5ZNHZhSFgDQJ5G+qVyQVdqrr6gABwC+dG0L+qwb
9oRaZXk5uVnubg/S0W7EPJ/ZzwZ2rZjlLGGgSBcNNEWHJGkGdDiXnl3J9jF7LhhH
DWnn1+cuIXtHdz+NtKov0FNBKl65AIlTpEE8uyECudy9lNt91WlE5DSyM2dBCPtJ
7cjcTlezz1qE2loHdIS7O6qUPeSaYY1Fc2YWzUo5aRSj8cvsiHGlsM7LNtbbr1B8
L1zfo+EK5dBr6z6iA/ACE855l+zwn3HqbxXYp2rusAinRLtyKZYeswmNbe92Q5PX
SHe3D7ZZ27KFC02CV1I/qi26Z8Tk3xRe0ao6e80mmo8VXAXMjfUi5MLQltD9qCPg
1K8o+T+5v5qLdHFdAnPj2seKSG20uxJLw/Y4DKmWnEVLoSMDV4P3ievvrWszqi8Z
3Qdp5r7sDAbqMlVI9sFk1qN2BcQ7sLUZbc6QK0+BNQq6Dz3ufc1jB7RGZHlKZM1/
8vWkBiqujavgmy74+UcIb4voZqxnKAAfg3sB4AVJJt8vx/UmUym1Ht5wmCVtjUh7
c58QU7w4DKegzTRerO4rv1zvTNIp7Wb9QpUvmXXm8Y00pzJo4mdtX4Ogzk6wYDgn
uPSvhs9jWtM5B1td4YO2GgCgAMswLzIdSrNMK7zd+LDT9prengcgT9S2r/9BCVVs
koCyGZUZ/Y2MU+D/ugINHGd2qASQRtN1TNmvrSGisYsd8ll3JonFVOBBln5FYxyg
4fpjCI69HMk15Di9teb6E6izYZs+kyDdYR+/1wpPBonl4ss5QBmMi4vVX544l8aD
0nlPdm7/wAYO6BHAl+kvBpuq625F6ZwBvf+UCCOXR4iolXyoTwTg10d9s1e0dqGN
BRJ5vGixI4v/ixbLqeJkVXx7btz5SyJGDS/RlpJsBmDyXVRxKGemlWBb14gzDKP4
LTVWnSaJMr3piUXKlmrz+G4q1+Gi6lcEJO+ccLGYFYT5gTzWhOkH+9lqlXsJi1Z+
Xo1pxxAPfcRrMgWoo4ZHC9THcNuS3m+h1QPbeC7cYTLNtEHaQKF1BnPYc0pCZ1bf
8jB68rzhw12vQuda5WamRc7DNVApA/ODK7bu5aKzyZTc2kjKcL4VGVarNFkXOi//
UjpWg/mAQ4x0DLvy9jx6UrTIElD6UtuL46btC89Ra+3fHUWpxYYbEr7cwsC1BAyg
1yJzSftFaZA9hj3/ezfDf7vxYPGpwQ9TnXEMdms36/apqzl2sMaXRH02Ny1Ud02Z
WiUELzOcHEygfZhmlP44OIYELjgCMi8dcq8WTqfAQ/DvrffRurDHIQo0vFEAAFN4
2LIP+ZB5xD4N8gvnYz9WWqXSEVPTuY8jFgqCotvEw9qmgffZEL24+w9qFKA9XVVi
huW38L7h2BJKeac/Kv8uhU23Ga00a1Ji1Rmeoc953S6ZG2IOeEySQMrp6CHdFnfK
R/Pzz2xwyGgcn1KHOvx7ySgvWRhCAqthbnH3x3fz9ttq0I17Ze2Q6IFWcrBs4KqY
4BtxZrHqhABHKusLRbCc5UjT1/2m1/ea9oPU26E6+SwVFgVGvdNKAJ4daCUiNvO0
oLy/CKRoiN4ALkh69WtU6Z4yFkZvADTurYwdhf5nRPUSt9WoxkX9rKOcTxbvK3sD
gvIH70zE8mbP0CHRbKCCqiGSSrAspA8JCf2fOQm0fq6QyRGsL8g6RRBlaSu04RFL
2ZNWPwU/2lB5I7H302n8xNINoZJNAUISgdP9rlAWl4nrBc4APGle+UVjdx2EXWMq
noyj591/HVZ0eERQBiXhWW5RNxD6JaHSfVxZ6iIZpcJqkvbhZqWkMsUHic5qvoD6
lL/jxFN2zaHFiDCRkFszeicR/ANmMlP3XMs5G3uifIHUJzDC12BdNR38cb5UXNRQ
zWTIdVNy7ckeULZnX04SIS2oigPpqZYvTgeypH3hHatpFVWwKJY0ErE6WrlfwQz0
xbrA3Wf2fOejvqQhW7AbdBJJamTGir/ES7KY1Xa9EC1OQ3wXbrZTd8fpqZN70KzP
SXzkebKs8Oiw7yLHgqwzUFf993DZubTUhGEnwo7eXu3ZpZ5hdGAoFE5wPDSAo0gM
sWzQ0/T1AdIL5rQO0qdXUZH2bchOm4mt6f19r1exkV6/uOztpfan1vixwtaLYWrL
NC02wX7vf4I4XASGIvAmTPPYtDXhqeAPreTteDHT8cWSVFxbH8PZe8b/jhKHvc1c
/L8faB4O1eXSKmV5l7ZsFhMQKodSjd4/Hn0vkWaqobqpva+K33N3PFVFRNJ+Xz++
Aqx672UBrMYocXpp53t7+8p0sl1HkOtGwi5TJOgvnUCL87XuCKRen8Hg3+dVLdaJ
90Yxe6yGidc1AUAGndMk73YnZNd9c1f1Qj9SuVW2VY2jety1gBdMfcGhqpD511Hi
o8Z+slLQU59sUL1hDNiUc50NXBz8vIUTdXnyQr0gzIPzA3awN7zi20J3KSPFi0TK
u1i6FXhyICGRmqAMZZEZeTQgY7dbjRLsH+BhEQlaU+1rK3H9p76KgLovM3xNNF+/
CwyRa70LWmnzrnalXDNpKYRnbtHMXnsKfkWoAn532PuYyMLypgXry7Xw1pY15LTW
KHtLARRvRekgm6T2v5TOx8f3vDdsHWw/XK9l76oAdU7VNRdara424nY6r/LGP1/1
ZSgkrKi1q2dSgiBb20LWSzrCE1WbZUoHUZ2JDgpYqeRIioNIrEeY+l7pLrj+4DHe
E61kzOFIo8N5mRBiTYuRR0YxVU/As+pXUeiDFRT2gfLtUQC0J+AtK/8nsiUOXbrG
L2Lixv1E07NM0DrrXklni04QjW+ZXS2eMZu/lFdi2CERw2nrLLavWFvO4m7bR6KY
hGG5x9x8MfavYUeau/mhdvXEHTp/izBCf3fwEvfU1SMcM8/sXOqD6pGwSVwbR1Gc
fSXWWkukPG2VOfsLDv9OkCg8fi+/1qKStGMOLqQCCm8EXGJlWilkVYW2DZ11W8l4
lzHiWPAND9qWqM5BXE2q6gq3+95ndb3yOJMrlWBDepS4O881pPaczNAusY2QdoEI
r5GamcUwagP2vetxHe51hyEfnfECCijtrWDTf6eGzbMTQwiWmHWfFALEVfVcHAB2
qp/OUeOpAJrGmzwkdq1wKU18uDQ5pR7Vxynw0jQEjrZjxrL7YcR1sm7bJJgRv9e9
k2Etylm3UMIW7RRw6zS1eZ4aDlpp13xcHDYlgzLyRmC9f2dubELUworM6ZTmqV4J
SeSY0+l6CZiCBaAGU/KpIWqlDSp2JfhxexvmukwFkqz0wsoNTgRCf9f/2/q8bhk9
aFRVlAeRlsGrnJdbuixvljgGUeISXJRUQxH9p9ztg5bOYBmrYZtEsilbbNzYksAd
UHRsjBojNFhOyILzvljiefpn1qc3mJ7f/X7ojSRU6WM+texy2kKeVQgx+POad7vX
Obii0s4Okqip/cqaX2ltAEEWTn6QNHR+2BKxkefj0rgeJmoeXkmjNCzcCmJwK/uj
MekXmr3jQQwRSaqcEVh62+ipU4CFFVyJJKM5exboiLSDkhx8znFp2o3VIAOVzCey
9NGwuHLGqMnREVsrt48PvIfHFtE3DtqKXzXDAcODQ26d218GXxzvo4YmjoNnsSG3
1xl1T0Fd4nRH2rbZYamRKX+rbfnC0Q5gqPoVbuihqqar8h+NDPFq2EaoQkpuMa39
ZCzgVu43gK0WFjahpPD2MSiADz2LcivfYOBEll9h3fTFjY4f/sZkW8t/jYQUr73Q
U6hOP0W8d60BuY7z9kCmVH7qccqidw3BIazro3R5xCm2oav+BxWHstuLlfBdOoSH
O3RiMttZNLWSJp0Zctvk4Op90uOCF3AyQ+MfQ5uQKIMZ/fZDVHMKZb+RDcDS8MuJ
dPr8Wp+oEaGJ7D9x/YPZpTq4OANRX/d527xhMjk/YIHiTqlG+abyQiG6eA8trZES
SoQDG5gqf5B9D3Llw+4Us1U1v1hBHdIy3jdCq1XaVht29TTMCf2sZM1kC0fB9zIK
XlQwnVWubRBsZJo8lbcMXYY9fEndlv9e+ZMW1z64z3XkP5yiKqiVgKSr26OZ9Vx4
V4LnxD/X7KohLVFY8bZgMmFVyGb1E+/d+k8IjESHKm/GgthIyOCHu0eJ4E5IYaLX
P2aJuG8zbZsjGt4F87cfo4pqAtLQ/fOpNVAEJ9QJxt30yYB3SpmjJ3BSlDCZK/HH
74eRs2BeMrd1UlVPUn/MrfVbi1rPv4VBLnzx/4Hv/KhR3lvwj/IXPbE7aqstb3j+
5aeTb6yGYUwVcRYbId+yLqxR8YrfYFDS+2BJ4nRukzVG/4hoM97F1PmDdr7LdDUn
11BTXI6YOBxWDj9TCD0KKUVcpgsQNolpRg3OlwP1VRBxHbdmCPkX8Rh8txEwtyoF
eOts6NkraTuDUe+nkr638CYbjfbbLYlpn2Xt4yFDO49r+p7qGjauaPgmDTPTqRjb
/sKQ7bSK6xxKZeHozEQLq3IiCOXGIv347L7gyPoc8QCvHTH3s6g1tmkRDQh9tAAt
cGyF76x5QwgNW+YDjfXaKfiuKUplL7if4bDeT4I5qZ/cmN+/HM9y0lJBSDU3CxFa
nElyAA7JXiEqwscnil9/qNBNs+LySpykay98NktE7/+1IfVmbj4JmXEUKITnJFIX
GIlkOnYUWx5MuK2uMBSXGQlb26TuOk+nvDAMzCcVGWoLETcUmtPfkrKxDJp0h8Sv
KD1ftoelCzzOgdM+c1u8OY+4mVf8UTI7+Rft6siBANUJqTx8w79eRSbQXTCpaSY3
bpTBRDHKKM49uC99DTED9ai1oH0X96bT7lAdwExnWpwEzN7IzQURLaG/GhJ2RcaQ
ufRllG6i4XbMmKlXNnocwrjzn4VkGb85pwTc+0M/rXjNV5TvGcGIddUNQ0AiI8JK
mLDjzJa4EDhgAO6rqFKxX/e73gnK0gZ9ldAsNiozGR3SXudGfb/3teukqCdW3BEX
I7B2nhmWjgnADfWyy3HoFfhfe19s0XDGm1D7j2apjxQUCBLNmcMXvEbH0xHn19jF
NeTVdekY/kNQUdTlEfCfDiyN1BV7KZacg6V0CfONksgIyU8Sme4+frr4MW+Thmlb
TSGHjDRwzmuySYJ76Zm7T3pFE6y3DhjXmas9TQKsfZdQ1wjzKaLANUGj9tJpW9t+
PdDf3hCo2zwwWS3JrzD/tX+cNZO+aN2yhJEJN/rCulNsushC/v/D5hn9tj1H4D6P
Pnri+QKBDeOZGXUlkAnts2sH22GzzsyKZcUnDI+942EaQ5mP4gd7+X2zNxLCzYbL
WzxknhalmJxYVqx9rRAze16hX1SmtX3fDp955i5B+7ZaNM5es7cm/wQulGwCBeBV
WHnUSA32EfxJDGUKE3nTXrn286C7NT8vxrFFYDr5Zr90YxcLERodI9Fo7IeZztwM
gEFjzFMSJCdz+AZZ9JlDK3kz3XWkdMfBuELR/wgyYln1bQDX3HgBm78X/7hHoGmo
IPy4XHbKaJxLSJr76N6DTPnglHoePUpxNKqdF/E/TOtQPvUwuPJkNWEJCNgEEdiT
aUlHp53uHTHUMXTxlAUCFEnhONY2HwrO63y8lmOxSY4PYVOFJ5HVqou4thLaYtZe
4ZBAV9tK4na4cKQWIdzIzyIrTb07LhodL3XEYATyiWxBLDHiQjO1wcq+2coiQQgx
KnhitnXbiQLPiOKM1oTKXCv25m6r97lSeF+vs/nT6PHTHiWcLDR/meXOgfq+nt/d
bkp06aHpx5e5hLzIKmONWUJSqNqGnej3rvyoJSp6Gcqe+goeOp64GlCpKgcPHeeR
DAzCBjLH6y4b+uM5dJ78kjidoHcTV893jLJbLjNV2Sn3AoatfN0VACQw8zWkWXdP
F3WFTkwXv5XscC75hpd4Hd76rrROBIIHQGEIlUXMGM/2yU6yrzYD3FJViz3KW0wz
nT28nN3K1nFjrYgaXRZeGLUttxaYi62uPJUHMTKSVhJ0Ye4eAbrxZYlqg1SaZ1F8
6wNRFO7RQCLiL+SNwlOqDV5/rJw0vCnpQokbLaFe/E+EOMvKEksKWn+XIiv00RKu
lYCpz0qAgm7vNmd0n/n1H1ZfMP9zKvmdGfLUjsG5281xmdQ+YW4ME2YuXIFewels
Cb2hMcFq3b7fPxkqTgNegb5iguzyksiABHwvDwKborAqSwBqI0ZksE/TakWeFMN5
T6WVlL+i1xOaj9M/djZGqMArPAny4/PPL0lzf4oyLpgsceAnX+bqfXR/kpjXlyU/
XpX/CfBTynqY6Gx/5XEBijYt8XIwNsZ9XdnoSvE/ckOMLisqwWsKUxNkTqNLBDXz
ZgZVG8nCnNzs6zUg7gZBzLyHfnDF0qOOYnfy5FPxZn9RIGg90s6I2DHL3+pdZ8g7
QRZ7zQ5PQI7sbFn1gQMABtPey2reQrtI0dV5tjluVgsIPSbUFsG85X21vbAc0m6m
nro7Ya5KM4YJH7AVOoEWf97WPX2U69mFihWelJpB6lYLCjF4UkNnolgSIuNOyG2c
AyFm50MPAxf/q5y5yRFYbnHp8iEw+Rv5pIi062gpsltegt2KojOgKBTDhYdm5/Nv
6lwdMSou6G535izwBTFifrISfMSEiA35cCt1BW8L3NIAEMFkhI9fSwsD/aSohmaW
ZkHSPi3bhPa39ryg7shYsemYMax/oXVAtQD6QP6/HxmFik/cUSQ/FzUFVNWckbDu
Ut5ahb0EQSPiQ9yec/D2mgNVbcbsIi3iBUQv9l3HYZ8JMlKa4BjNCNOB+lablplx
Gry9u3iWwVBrbsJ0kO3EvmLCKhqvdBG2WqOtgNBUZ2b3sB5JCqDJSuco/KFuT7+z
ZuFC4opfNUnQLPYso1GB3RNitw0SVEWbRpCAweePxW87iqyT1ZvP51eUbxDF9Brv
+w76OPSU/vvDLm3Gps1UTAXO6JSpuITP/9o3dopT9HW2cF7cbZjmLDSapssbOVkm
2d4wijbs7BQc69Gf2V8ps3u8nT0HrE0QaPCg5D64UUXqtVk7UjPcdN6fhRbEKNC/
smh4kFxwBS/w7SZFyIn8Rhe5I5skaIgvEWVHmUBsW5LHYzxfi+Nke8d92H08Seud
TTwm+gVv6cSr3ZmEi4bw0xwsr5NWixrX7exHGXRu9y5V1DUmA8hbk1pzKuK/E/J4
dJPVp5a2ZaYaTBPMjWaw/G8e2TNmvxi6zzian1lOpyV5EvbtECXs7SMp0wJAF8iY
50cZ0xlee67+6pNdBg7cPT30R6cMeqBW83nu8cf2pK9F6RjN8zcvKCZtXqT62vHZ
62PkPXSL2WxiTePQqL1kIKChWDYrRZnBB7Zy7Qu6IGyN0dSCC1FhpKUPBlFovPyO
NohebyhdWjlaH2gAICTtCPbmQxxBElhdp6r+8XrOUBeZJkFnaiDg+C717gQ1Sbwc
N2MQwKMZHrbXjoHJQbRwnonW6I3myI6w4CBfEas1o5ew8Xb+7gbPiSb/YvbMy3cb
0s47YTDDf9Fs2SCNsSLO2+Q6fCiDtf9GXeP4e96f/lDxHH4N4Kmx1+Ov1c5ssWwj
5bQ7DcyltxkXLIFjSqk5BUTs3t9NSYuecBhUntiljkNihnKix1JdzhW+t4hb1Mg9
O+aHLffhW23/sXR4N2jTSKZnGOX7pZG+vXt9kCrFQHmWaLPICjQS3LTDeuJepnWC
2E5tjfTFJsQb1WMpMOCZD6ICbQSLjyFwBejKyvkKf+unqJFvq2+NwbPuWAbYLc06
L06wN7pY4L5FUKmhw61YnwwgYqoX+07mIUvOTUVJ0y5rP7C6pIq60wyXf/CsVCkv
dGeFTs0TZkPnxsKHINwqawwPN0ZnB5K8/THbZj7cbWmfoG/Dn8dUUrxLuUgl9KpB
T+2gPIfvRjedxrnHOuHvdIlRNBbwdHaH44VhrDayG3BnpI4mccz5pB9XEqyLzi5K
9U6SERKK/mLhgbBvE3SNW+ZO37IMbZ7EU+Cdzgt7cKO4iWHuj9iMOTPE07lf0n3X
oy8V4+vJwFfOb95WBpaHmZG6vafgAIT2TsePXmtHLaJN79XkZTIRNFsHLDnJcgcI
HkExaUiM4uG5+PQWngUB3ZJAA714LEyRr5Sve+sKUZVKosTJjReBtEiJA7koeawD
2lOrTVZC95MF9jKHY1xsGW43FUM2SslLZ4x3B+EDlJWwhROEJf3+90FPPCgBHjcy
YYEAQQssLkyzz6TOK38h79BAES4HB3rKa3ApAeLa3CetnetTm3HXuURZsSTprYvw
aMzc28B7dFPCbszlxP+7Tiu7bi/DSvLNATsH+UHY1XfLdaHvg/JPgm1LrswwGT74
IPrvJiFXA3zCxD9qBL77i+7PTb3e+sIHe6vomu3+A0C4nCKpGZIh865G8nZCEC+l
OAYeZ44iOctpo9MwkeDRT7oUjabY9/RBQ/QYr9zpjJrGDuY7FkW8bb09kWlibwQM
wrUR3fuOk7H9ITeVroWz2+V4s0ScZmKORGVEb9aT5OTTV3lOZxrN3vGlBA3S5NWh
Lqp+a1SZ2CzmsDaEEBrpZydqmRaTAo0eMWfLBTvcQhPEnjFTsLjD0ZmjoaMksLx6
aYwd/xoSdXy4Qsc3UUXgrxqUuDBZitKHBSa0WD1ZGHwy1lkQPlWCswf6g0JVQNC+
YidAyO55nqBQA+YFQOmKzb/Wvb1fS2CPVOsKDox8R3IS8Vi0L5WrvwF0OnPwLPZp
Zhaeqwp3yqMQvWP6PBMr6K3zenEp5zhkPG9NPInf4RHHhjCcdjwK36YTDXbOVM/Q
S/UPZhTikrcJ8orx86T+mgjl6k0gAWyDDxUkCWLVNiCI1Vyc/eC2kTqb+f3w8wxz
vJZae8lcTg+H0LhJ1urQtXhjVs/tc0OcfjSwu+Bb58XuWjUFO322ikr60n8xf1jX
7q6WvInZv2brMxprKzidP4WkVWC4n4co+7gDvrup25wlauCkq+uWeliluv/zzSoL
CHq+0GUCucf8P86qFkwY3RPCZlEDGw6ytQsi9eMEoeQPAg/Kfm3hKBRlix5P1cmn
q6R4clsrNFGOYQGMcI4WFaMmi/TsIu/50heaXWv6+D2yF8mNX+hMNxcXTE0s3AFw
ZNxifJSEnrkn6taN+4E4/yY4A5Po09b7OXbOJdSbtDmeLupvPAnZW4BTFr429a7v
Q4UmpCKelc9w7uOrutY9/ArbH0GKZPF0SSO6FbNOt9u6p2YaaIqUV1RIjplc5HSu
fHlBGtIMPCZsHPaUI6f2S6bJlW3ViXCBvTjMwEZlTdmvLe1rLpAwYKVjnf40bDC7
5PS3pS1Hrn0z+WLy1Jyx6sT7xJhwGYB+U8DzZPHHdXA2iyjwlvRgffd+y1Y1UpRw
TGpdHKXuU08/Baf1LlB5kdJNawgJglHf9S0lY6c5ASx/1XBpNPNcL195r19eatAZ
xPVkU9UB4Exs1tetu383nD+Vz043z2Q7P1S08sgKGedelEVzwlVYi+aD+wNqg3Gr
j7FP2QtUY/vmLVaChEE1dMkTPHIMC2I/V0qF8DGy3nBMcMQFLMfXi3RLUs9t2QdV
gaswn/OA0JVxvt39up2SBOPVPvFbErXI1CNmsZF2Hu+2OIdWpt27JrNlgbYvbRh6
nB7ZTwf6FXGF17fFNnv37+Zpd9KVPvNOA828EffzU8+zoTcXAOMbgUYZQlbG+7Bw
Kl+DhEy77GKUTsyl2UB6UmXtqGABKBQmWzrugileVax2M9Ycc7o1F2q10PokwgXH
m2PwEfRC/fjY+1kRQkvhq2/93DcB0Wh/ANqfY8sMrLENMB2XF4UFGo2CmAbz74Yk
PqWndNI0mR4ndR5DDDi3y1aGIT30NpWmiob9pEh2S0xS65+YEz0cLCp1PuwHMkJL
FEfjzrECzsG44hCMiHVSy0OcfMqQ7ROO3m0zD/HeYyrp+N8i944kt1Wrpfp/4r0j
rDTGYNcKsmgUkiPB/7dSP71H3pvFP29ca3+ntaKordAnOFd3vRXpl/AwLaJh7OWw
U8bvFefiYUQhSvRYzUdHwlfILUsxV9M+zRuWp/fxt/XSfnJUEUzmNZqIqhQjLUHd
HHnF93nuPxqvBjVEaT5U10l7LEtnLlXjPgz1dtB1ewVBZJrEPmiY8GzvdJuuX+J4
JxCfxGRDKY5ZB0OqX5+9qJroL5XesH4UAFDy8jDsiRqUft9PxFHPSkGbf38NDVAY
NpOTeFWlGT73nNijVjt000Om3cFdk7TaMovnQwZ/F7BUR57JkoV0rkpe+MqCPWKV
XzkfupK8karpdTKFwvbHWG/NGeBBMXeDNamN9DpFJnivgqXh86xzDugMbL+t6TDi
8UhoKeWaQnvrx3an+uYG2Fj16UtLhydcEabg8kw6diwI0fAwSWr/5xB5al7xV4Sz
J6WHFnKNTES/nfWFIFRv0fk0ZG4kbHEPHP1Dz4mgYGLOf3/3GcD8En7vNGWMTcKc
/4O5gp7gi1NSTz5x7OHHScB2NgkbvOoZoHkR31e+HN32NZNVTlnJyn6USnrCcfdj
2vJ4VGQhQLU9xLXapoxEBa51E0tB0YsZxyJreBWkiSy3h5JcLXU4YlVIC6Hz3YXf
spb+J+AWSFUVxDwWnaZ191LwLirWxzlnMYKpaN9fsdhTakwwy8lw0TeKDuScYJ4X
6qEJ6ADcqwudcOs9XFXrY15HCW3s5yFDzTgnC6jCUHLzhOrHeai6zg54Pd6GmBCX
KwSL+NQanIrp8KOROpNZy8x2STbn91bQgQ1S46y6bAbhMAOuRpZ4Dh5nAhJFLUj0
c0eRPK+JQzpg8S0ltwkL8Ter3vKPA8gB94HrWUezGicNEU2ilSmmbWkgJ1H8/YPm
qKYkV5txJZpuy3WByhgLO7LzbZBystKdvADWFZZniOL9EtPpgBEG1uQiyQK+zwwn
KE26VTozqb8V5WOHNd1vgy/AZ+lii7x/l/IavAmQ8HDxUsimEQLp22oHBYq37GIR
EHK90vLKlEwf2DQq6awYJ/o56m9pIFnk5hap4ayoX71BAS4j9NylC1yxcmqAzY1E
647p/LoYaaS6f3Vf2a/QGqwCoKoCrTXZ7XJIuCEsHea7kugr50ub2QFTlUKyeYNe
LwXwigLmbmuHNxySdHO+6NMhTljKre8EJZJEKWaDxz9anR8fvIvR1FgY9X7V5MQZ
waSbEcEeEj6hp9qBkGncAmGfwNCsOC+A8LQZONddUOdKSU/FtnYTx7har5sLI2fw
CO3a/p+4fUeUSaQR+6+LmT21074GzajikF1eBFO5VksSLFYapfwm+j/TpHcvotOH
CeB1tMZ2bwI3tI9Q282LvRG+kgG20W11KiVP2jPSPSjhnCIFtVcPDKg31lnQpbfX
VnBDg5LhIcKi45eaXzzeX5ny44sIw7nHSnsOdc8Tydjv9Q394McfQUvIEB3NaMiZ
c3O1A8yLZcFjSmofI1qYmpaLnDra8ZtO8cM1fGL8gSGSSrOb9hjiEVEO/AUGhfGj
rdcdwSQvIRZ+Er6wT7XnXO80avs6swCdJJCPPYGbgZnPjFSP61mDAlD3VFev6iGe
OEx5P0BtgJnmSf5RwvLD/pcmu6UD36yzO41MMPkcWaYZN9yWvPmtFduux59RbjdI
Uz2qq8aNFUQRJEV3d0o6wHXq0U5Ccsjihakei/lJ2MckcvX7AbvMhXkyBMkZL2dz
pxhP8Ak4a7xEBp48rxrszBZ5HjNJY2N2MkwlChlgay6qGopGSQ4hwJIhgPr9CAVs
F9emTOJgW2M9bbMwOsUbkJdjnDGGoNcHB9YQDXiHoFCpti0G5G0hdM3RJUbDxxck
39G8PxWQr/zlGiSkgAmx01YQiaQSHfutNTahAwcuhgpBZnYMYy0SKmKAJAWtbqcb
Hz/Se/5pNQvjfvq55r0HEguDSW/10FWowEuEi0VI4HQeJDbB6waQzJKKDV65Nsje
V7Eto7y3rhdGX3l8rZq+P75IvsSBq8w6jIds8sECX3q6HOyFbMW3B+3MJ+CZGR6x
LF+SAxRiEe6VtcTMTdGQVTcwVM+90N0wGcc8h0SCq5Qctqx9Y0MHqFxV6bf9SdB0
77oKYCNDDYqWd6B7yanMa0wCPvdcqgKHzOgEIb8xGOX2oeKxHb1VH22JErUFimLX
G5o+EW+wcE0SxkdMr9yYEuSG6exHF6YOLhAgaFopOBoYiS4KiRVwFajVDPqtUBjl
6AYyQhhpYXggGG39AJtYBGaN7EUU8YhOX+3t4sqTgEFy8bfYiwjTPbUAMx88MElJ
9lCOdSjJ5VoMLqaAyLxpL5qTOWgdFLYttVFdQGfE5DkNEiTRZ2dxhLS1VXFyx1B8
G2Xg4BQz38xpUmk6VUVOFBhtBoHgVw0NBOF0HuV/e6i2z4819PSzQOIvBMR4VAJP
r13PkhOUJcDk3a+IpUwqHTyRhfZcDOOt2A8l8/JQx6hagiR/lh2GUUEp/Te/DmhQ
Dnr8Pegx4ug7+2RUgiNh5XkxNDv1jl+QfuxNL/SJXu2rEvKGoZi1SqE/Od1TPcz8
1RiaCDkjbhXpW675lIK3zWtdTfi3ZpHgDPsV4K+KTT0UtaaIkAesjFTunahPV28E
4Z6utLBWBJuKWRA/uenITKlly75L/4KIw1Buab8Lcc7xW+bh6i1kwr51I73Bnwz5
6/vyi/b9hnKnIzFt12sO6iSnyXrc9mpB89Esv5tis412aj3Q/wcNAHS84E7UN39j
uUXIBPrCxxcyRkmDvib7pqEJMoaZnoegKEgz5W/ly1vzMFnR0GRkJ8DVUN0MWqhe
XzKdXLMZ/sMrWmCtoDXveYT27onKRARi8SLWynoP2yX/CBEUZrLBfAupr++IUoje
asWTUfP5DoNEguDv6aem1KzcHdGykF39pGxKcP+a8D6q28xjjMNRp5sFUHU27jzZ
GFEzwH6D++dgHqdFJ/qj5qyMNo8S6GroXyg8+d4nCNheKHdZRPk17nBuM1lk3qk5
sA3rAwJX4+5E4kB2/0eH1YKDX7VNzrVmjOO5ceegvBO/9TYVcOz6hTtcHbLL+7Hf
MYTeKQO8rQvn70kvQjcicOI7IOtklkxp7Bd6sK+3RXTg/eHQN7Q0LMZyBa2dYyRy
to88Yj7Gh9bpnWGneuiK+6CHBNMtp5QAQH7tQOLP2pjwOg3CybBRkNEPz323FWiu
eNBIX5RpKfDsnD8zs6xSs1Mo7KWDqBMbZPKgT3jKwk1TJHyVc+bfGHDB7VrBFoeH
Q7YO1fCqt2g7FhE8PAsEStZ9lE+WWfE+15K8SlYTowqyG4AoSr46eF1BLwyqVjdZ
LOdetms/OiKaIjE3WI3fpFhNLYMerZqzxO/HVN4tr8dFThnspRWdAcihhTDZ7FXl
VFiDwoOL1XU1hYVpxDXyyxkbn2HqaZfzzkvRhjd1vTTaVA9yojBaxmMmopsp/T3x
v8CtxwQ9GUXjnwC8gjWfPgfw/fX6SOx2XutOIXunAqjgSCuHhaSoSczscLzj9E5v
UUnwg9DTflDNVljqcg1ak63mMAhslQ4qlZq/8EXIWQK4BgQOcLV3DDBP/QqWq6Nj
hsFs6skwJ/1UoN+u+MDeZfXFq+8E/nlCyRDxwdmyRi189vI+mgsUHz1K73+x9Cu+
0LfVqDr4dFvCEElhbJrNThb8K4moaUksWxgVv/UT5pP/cnqjVdjrckMI4ZkaxD8W
L6J5rNYilPWNZ0ApozA5MLySJLUpECF6HoSrLzrdvVV27bP7iaSY9q3ZNMCOgeAl
ZnXsDSjSzoGRwr0iQsU27tRJQLaEueUiHsZUjiy2mpkzPNprqEl7pkYA4LTjphyr
h7BXcRZ1QmeORQUrnUf3v8xTyGM5vEdXtyUwoP2X7VY9BcAD7OgGkTCdD4goVXTY
hhYBVOUVpjbulASkKczIsmDPKJA2hpOGbD12OeHtBrEexLWksCtTrkeVcO1N4OJ1
po0vTIBgoZUuOgZvi+wMpsDna3wW8j+rl53nLBe9hiILYj3kvoQVFFyStsz3SHC2
RBwVKtYxgE/hL3CO4/GNns5IPagFeRc5gOcsLkVlOcYyxjaRFPnHjoGkKOzWGn/n
9/678vsPzO65+MAAH1PagG1Z4iJaU0B4dWZU/PYyRx6bDJgdc670NL93BdXeHy3S
l4RqkcOmfTfKpAwLSaRL2T73+aFeGal1O63RIUIJxNxDSLBhGMMU412Z9EnHmlhz
nb0/IvqSeXuzoVgSotfcwKPYABxgTPvtxCq21RKyJYgRTPm2aQKyacy6i5oi8L2o
9TZljem4Setobnadu+2syoCbq2WqVdkQ27F0unM4p4jKWb8NSIKv9Oh4G+HuW46O
NyuQo42oC+GG7UoQ5ip3gHvCCCIwq6QHn2EtmwPzt0GAPJq6dqxjYz81WgIVzMo/
FocrKuL0OLkcafTEV9sL3PDa56tvHZ6i/L3Z6XgKJOhOSB4Ch+1wLou8gBKN6p4/
Qoq5J4y5aqUScb2srOAZyHYWu4jpvmd4orfFfGMc/3dQmBonf3EJf9m13PQJ/izW
Ov5MxjHUZiLQKwKPCgcyCEcfeH2flbsXtO1ba14I6ZPhxnrmx/FXBqPACRpSUOnN
a6ml5lsILO5olWKZfWzuDoc2NUBnT9Kt2viL7SHfE5N5UGt661Ws9TO1J6ZmUNaV
JbrOn7AFjfloWVN/Frz90/BElGwQtnR10QvIE1/heyEG+7aTithwg5JNFw2Aa4Aj
STSgiM5nm86HcGS44A60W7pAevmMwxk3vKj8F5WmUWLAUUBoohiamBOeuV9DyfQ+
BZL36QYWI0SXbVTyakgR9fPMmOQCaAZlyVrNK9AZECs/r12YUK4pYOOlPSm9Wczs
mHi8VoCIDFIau/wO8Qqtzj4DyFI0WzZLaywDevFLSNrBF5KadUDZl7JbjxrjjAjw
lwQ93dnRmncU9kCvPwp+OTWWKdZ/FyEfFJC4dYAJ3wxUQ96XGuSrwUKAcTQ9w8H5
UtR1x7sflDRvYCy/rEoyy+Uvy9VX55nNTwfeuwK5ns5pctw6yclm0qhyaFA0pRjQ
6qkJcs+szRq8tq3zEQBKwPgIlCiw79kNXr4R40doONbEv8034dgg+KiX/4Llufxv
2KklxsLxcozuNiMxmMd0vpEZCm9J7MWkPyQeUENcgPTEYRn7hV2nBlYOIcldwyEe
AiKyeXheXhQFzLLQYL3Mp/fKItyR5GmcmVALpVTe6bUztm5KXVl7JQW9XwD7rB8R
riZU17UyQiLF466bzq5YJeLu7HajU6FCJQ6lUZSSuaq47tnulWPQhMe7C38Anlsn
R2uRGxLaIYT5UD5peixF2gxjAJ/o4OLmutJYalm1AI7AhwgbnVZZsd6ZQhylLrwj
jE+AEcJjyE6dX4XDFoFECBMWwRQ43j2VyO3ukvUtOyhLeM4qg+GBZu3O/OMHDq63
uUKRRZnmLnrwq+mqTHEIBAs6zI3zGwIS/1CXXp0iWRtijJYRtybyFgRoB+hjb/wL
cMFnZh3T9P3zQ7bU8MG3O58s+s4ZY3W3vUY/HHPISsZ0BVKYlSKzEpqxtqpMvRB7
CupzR4QqrUENHNB0jBiy82XoLyxTQ0/jP67ZIdtz3B8EYLMGtCCGTzbWJAPly54j
cJGXdH3d1EzVVDPBM/7NNOxJfUaACpBbrMZcZlGTYwoq9u8mofIuiqHlDeO4FYoy
1eFT072wUBZmg9Wh8wRjC48y5cpb4UgOR9aFtfXR+L3k/BhvPrz0Tgags8x8YP8n
izQkjrSqkQts5OTLBt4s6LEGnJJl9rQpXb/R51FKdfmlEU2H1hgoVUFIo39p21sf
EUql+pPsnOcDD89MaIZuTNfB6n3X+bsz5Rnf9kkqcAanDF1xEmbQ1kieNE6CDTzv
Mx2TU5AOoN3Tm/SGdODLuN9brhCYbJVuwf55nxILYhCasvtq3aVXLzA3TlGDw43d
OT5rh0lKprI/7kUrpucn+IgZlU9xhtxtHlFnWotUWC6MVk9ZAdbN9tYC6Z8qQ0Aa
ztxZRdWmZT/LF+xMl9oSllsAsJqMfwYCNJkf7oqSmNC6mYC3S80npVxUEktH8pJg
xcV0GBVbXWoFdE7ponzXVfoDR3LOnkvlDu9wOGGf4j2B6zW4uVQ7F+McFqMBcmCf
3xCfPu+6AqMznbsvTLj3BwlegmAZPbKdpoYKwKmUg2HzLgcYCX+GTw7osFTJJIv7
sT4itgzRF7Lnsl1lJJpLMCzBUC4XAv43chzPpsxAMS75wc7T0c785qSNRnCEPihC
LFMwxp8JMVXTrsL9DsRrU6bGq8RKxcPXrv8zqaq20IbXheOzMNqDSdjjP7T0nwYp
pzka+DfDFw/xcgxCowze2ulYUisd5SHhInw42SRDvmhz62Rl0GWDSrqtneMiDSR9
qYUriFcREv9KqomUruz2t345oeJZAH8pCUAca86YzXd+ghxgq1TBzWsmmaDC6vm6
tu9QD580UigeBUcxZ8Fwz5YOBCqPUjoESe7sSJnuK+dNN1njP8pigQ+66G0RZSJr
9V5CIsHaSI0zu9bv9yOrjJv7kUCYoGpyrxpKYASdxies1qX/hI2G/6EIWdyVkO7p
1ZHDjUKXq7GsfbMj6Z6PzQZeZ+2TBYo8+4Ct0Zszd1FVF+AUSKh2s9WvRlH5Kk/l
K7uUlpwSGRR+sHl2Q7rOcAfnvkaVo9aq+bYccPYn0MfFo6cy/3aT+Qcvs1TVpbzr
msyMGiCJLbGNMWiasWfZBaoxxcF467krQRXSpAIPPRZ5g7ZVhjfWTFb+NYMC4xdZ
8pEID1pq8BLgVW1bBNggtVJYPAt4OhI4Qp0iB/AWlBi2xtnPatpyjvQ/PCDwVOmA
oZmfvh+stwMLRpR46IPqLbaFeC30M1zLvnV2GlHlPTm1OG2jsaSwp/N/MJvWABwf
WeiYKf5UUDCIlGWdIdVFyd3sW9q1gyOzISR9OnYkPEL03APu6JcJcgv011vhG3iL
fzN5J2WgxgH5DIgg4bZC7YmFNcdIdZ51Q+TNj9ITvzeGb7j2URfc+VWi+pG037TQ
DWZj7TwjH8sjl4zBLJ7RWrC/4EZoxvVjW7sQEe5lkOideFWrXOGbo6AaCCB5R8+z
cLODDs14uq3RForQFfp3Bh5y6+Y8e603079uzxs40BYBF/94QT8UFAyaAohoHviC
tXjigDWHT7YbtwmDwToy8i7CD3iu0E3uZc8SifygAGfVOTrJkgUhRlG3l3gPVIQ1
TSswYkZvHfBCNkh+OI3Vfz7J4nGxqdR1HchggVlBhn4femptD9a9JOUb9Tf0uwGD
9r3b3RhxlNIE+xzRJBXMJw2KtuIOk9+jZfSHQFupzRSJ4kbNrJDnRAClqzi1lbW0
QcrMI+VJvVnpf9j91EgaLtEjUI5n9wpR/9VeuGoLqrzxdwJCHrb9OB+kZKoPdKSp
H2PG6/FNeEmYoDGPZ9AGD9W6ENORRp+M9gtGDDbUoiZdx7JdhicGkbH2gTWjcEXJ
ZYMYO5SFDL5A+JzYqr4epqv+eRAuc2hXabx1rKuCJwiqf03vYUpU1mLdMafqp+Vv
IdBkhSRYubuACsFdPT3N+Zt4A0GzmBsNyOfxLiot/Cr2w0oLR5z/LU/cmd44oLpD
U7ZtStpMFhKChW8bdUDzAP3qZuSKNnbya3nwOx5dHH72b7WREmni3axwiH/JKiED
mIWgX7Xq4HbSgc+9hW83/kILTsojqeSmerz4e6SA4aFAVamkkGwmybEl4YV33p3I
Iv8tu2LfI5fecaOE3xFx9Re7DrCBxIEyaETPogUgxCrtdt2VSsZ1M2l2yrr5LuL1
06DN6KCN1Un9X0M7vLRTQnAe30bUG4BNdBdUcUtyief17KNlrnyG7m0pO7ULWCyO
OfzgY+qkIKFFqE96qd9bw3ytza6y3IY9tESysem0ASv19VFI/BORXr9Hm8y51uS+
zq1CzrWNLiJPebtC75N6Qj/iMIYqyktvyuZ8R37iY4wOC7HgzyPj1y2mkXpWw8Wu
VrHcRTFc+Ry7eOcxIgTnb7KHRGGxw5TGG0AluPPJ5i5B5tya64+DKcg4lkf4NYT6
ug+ex4wwP9LlvFRcCFnV7TXM5z7e9Yd2vJ6SQj4esNihFC17b21G76DCNSTpxx7D
PzF8ziGL7V3xqZE2Ctc8pw9DnIYdDdN4rt16KBhP868KNt30K42it76uP8r5J4xB
vY5oMX0IRF9sG40TuVImoZpaCt7FP/cn+sYl2Wo9ksglzSpWB3CLn4bUNQ27vXbh
MfOOBqV81RG+XHdhJ2lmRXXGKL3mESbWNX/E/Zryz8X6ytYxSjkSMQM3BzMcbV+c
pgDQolndoS6qJZP0OVvd33LQKYn0C/9Gm55klvXx+dqlUBwC2FoB5ZNxXd9bfsq1
dhgqKcJI3NhivmsRvbsG+8psCPraiJ/SOygHnJH01eH4ksIbP04LD/hPumwrobK5
2OPMDu3r7LdZVNL3M7F+87/UNSvDEKoEzvPICiogGpScQrYbdFzr5ppRkEufyWTp
sx0eRL/hPM9HNpsqTBaPFH8KOzPqQecyrjLgZX5PWQaoZDGryZlueSbri9kecdfS
bE/6VrHVSRpW0uTdt/rQESp7s40zz6rv+RNb1kQCwoW+dKSpjzbkYYWaawKaoynw
AF0tKyzZyI6xrnz/HVWHBsKYYwYtYpijvbzsUTGqZ9Q4h3cCjXuBoFvkCbdhJLtG
pYjQpOTzu6P1wVcG7I176qceYa0/c5UB0VOIIze2sWocXnlnhPvY4ySVeivmpV6m
QNiTVSxCPNPnplIpch89uZ56vmCLtrPoowHqcim7+ZRUN1nSn108XwzOTor7Q0w0
FAOC3CT4YbTWLfyDz5KLIx7avefDnPORW+1ZOMoiw2krYV2g+/GNHcySItGSqvz7
/K4kYbw1nPJK/D20MxDst5C1CkG0d31E6RY5Trm/kObwNcaWRHChJfU7NbcXYW0U
o4Ws37wt4U/5Uq8lllo7dmTZAxeS+a3TB/Gn0wsu5Fr11KOLir7pVtuCwE6SLl/q
43H/fTQaI9PmmPGeaaua9oUgkBiiicLgQIsJjtCTczCJZBZ+vaO2LQp/JIUNnneI
XhUKgHbm3mv4u0rxnS3dNTFWA78P0V5mfWYfzpZvqe/yAof0yBGi0d2x4htqwH3D
gv7QijyrF9H3FIi2umShuAE2ScE8MWqHfGsjUHsM+/32BNzq8StKT7ZYqlSVfRsh
DydStBMIIrritNexR5+cUu8U5ma/nSTSQnABFEfGLQK15DTkHPWJzUm2zozQ5Cuq
oSTyju8YLQ1BUpvgfObSkokxLJ/u5SDbhxDIcN1m2MZXKjR9fRvP6RBFq4cHlQ1T
0aG27imU9AFgFR7SOqrRlU05yg5SIXn2AoLISTkZLqQ0Ae7ITo5UIuhIGx0r+PbT
cYbcAZTYhRzeXO7sSo8MN96d2AzJMe7EXMuPNrRq4NbxPIreuVTpcp4bneM/JrdN
cxvDRXA+j4b8oxU+60wLJGlZypl2FnF1LFm2gy9ZQD7sWS7+f7nMyZXEWJKVuUAu
kehl9LrK2UZSbueVycEyDakZYG/bkOzgZLj4BoKKKTtKAuFd9jLWKjPvc1bqBPw9
laJqi3appunJzRUsRXlFokmtER9ChlG9Cv7OpgniAZHP4HkOrQRXPCYzfpBIipTh
rX6eJqMwu5a2U/MoHvn1J5OHI7wUWHzA1zlF+kJbXALfkVRbYikndYNLbvc1/Hiu
i/PIEitMXb3pPZTb8ZLnJBnjODsrpsSAhbfLxTZQSc2NRRbGgqRzzcQM1dDotWLt
cFP2OanpoSfDpqr4k2XFPnazL1SmV432/P6/ep/1VNInV9/uPbXjNQX5ujRowipS
GCl3d+/uYbTeKsHHErpGMA48EKUAGLRL+anMaaAZXqtak28JZrVQOJZxLXBvugaT
pZ37NLoMydSL2jBvQXyTX7efqJPqOiASIKuxSX3P0m1ID9UQkeclrpTV96pK2JN+
qq7AcNxIIIUdUOQMn9XJCUVZMcRDkH8LppHE7qYdG8pyt730rzDK6+aIibaIppmW
KDS2wkkC6QOuT96CCnJy3XRzxKUl1++InGWli6QjDmD5abhu25CrCplU6Goix+zx
Db5nGRerMV8okl74knGe3GDTctU3EBdZBVSL2nrRTqIS/omsD/SPU49twjbKExyF
PT0na89jQgtMg3jnO1EYQFj4reBFO0D0ufw5rJh27Cd4LSvIHvmBMBlV8lX7uItY
c19XxOjZqPjVcxYLgbCw3a6Dx+YVVUIB+C9rnm9aO0TPKHmxVojUf0tOdCtFaINO
AR3Lvhow5f8KVZ3FIW8FDfZNRd2Yt68nBbYCYPFj0B6gcAZODUYw1jLaJ6tZh+6Y
LGcbOfEqClvWf5AsAtoA5syBXP37JP+sK4tUCuR5XlHGgORBaKJfoHc5/3p8xBZx
GI2qiKGBPz15+phctpljnrDAM2EJ6ETEy90IRm+njM+WvqCIhWAwuT+XLiMK+jcU
7T2mFh5/2ZGFJSrjb12rNFsykQEK9dEE88MNbAD44R3gMjkhKOpR/VUBG82s+OX/
GmfnVlCe2/XEUHDhwp73LPx+b/QvaWuwn2izwpitEJYDoNxIZ/9Y2/3XhgetGNeq
b3hndItX144jjsZEA8umPfVXdn4ufrVNAoPMSjNTjUwBjn1TjZxTXS+7VvvzYsFS
XUetCS9K8YBOGeUNBadx/+iFXOXBfgNRaCMfGoqO5NHJuSGlyz+SF4LtjP6Azp+S
+iDgjqL+TW9JUr+ZRBk7RnrRtPFt/9rVPbeGs8nM468JbrayOT9j52labuojsvM1
cvUogMgc4nGvYedAMkl4awVm6dlIp5W1DgXRGdX2sGIxm/9a4Euxy32w5Qc1Oopl
f/RgXAH4GyZ7R/eNtYMjP85UNVltEkLrXRMy41ZeqyySb7NUJHu1LbXUuJLJwCv/
c1UTQtPR3sMdaQlU7u5DFY9tUEg5VKIdce2pureDLL+83ZmY/wjLOqXRmQyUvvPW
ytzWGrWnfjSz1Veya7g62XasDObPSZHjsPWzoiuXJjqazsouMolXqgNrNxhvFCJ/
W+aTlVJdck28aDk+fsq02kHVila+aoJdkTaUC1SPvxSOTx/Sl3qxoEFMCVE69ODw
Q7wR5ZBBkZiaO+CEAMEoIGNQW89hxJI+cf+82nKIW43o3qvx9D0ZY39e8ZjAmvTg
vUmPtP7orOPSTl7aOiR+F3FLwl8tmy9EorNgvl4bYZPk7qMpVx/XJahWaFPt15xy
tXtNi+J/wnzDCgtto73I72K1vVmHI2HIHN+dkuS7DyQrYc73e2SAloZ/k8pM5a7d
5eptMI8X50lJvIuNa0Qw3YJIbr0avI8Wplo3JHjNlBhfxhw46T9+r6ylsTWB095Z
6WGmD24jVp3YVKEMquXTLYjyNicV57h1VWfASGt6hQc75YwYuAZ348vTSrsvEVDC
IsrhrBbfA1h5p6P197e2FZBvChmsRtAcxMeuB7OT2sCB1L4RRgiEvDa+nnGuLMov
Yj1RqRt8Gd81yc0l1d3LivRxS6JbRXgQwXG2xuvtcUhoIj2PT9SzRuCvtb3aVxFi
CNRYB0Aedp45CChwqV9ehvPBxSauEH/IcVKrVTbXXakE/2AAakRUWkW2r5SXr1fS
+Zi+1RKPtW+HTVYXfQTowjIvoViOgTJstFxi75rhE2YAgyTOBGg6D6U6W8qujZWn
DnlHZPI3ixAg0RS/yl+7R4wnO0TYX6mnX8UvWZI8BfK4XWwGS1jR72FkCTyxEUg3
CeqyFG6PWePNOMbqwK+oYqSVtUv/58NlxCD2tdEIRKAvQWPnjNftrufveACKFN92
q83VtFj9yTkJJwfHQXT7aQY7V0g5kW97LwuHN0++Z/UjbhBMAG4X2CHkAelyazk5
W/uuDbab0rBQP3ZCtTPAh0ug/eH8+tLHpLjX3J9bP416BWhkFbtSYFb6CbI3aNiZ
TVmPIOZuiRM4Jiit4JscmPrUfwoLvWA3PdENT+wPNmOUzisUrx3IO7uolQAUn0RU
bl5UjIEskO7WiOA3OQUD4G+RFboezJ426p6/XfU7bBh+No0nW6z4JCTbRZLtZeuI
GzXAPJcmEm4tQYqBGauMl3qRyuAUeHQW+rUk9hefzg2yj7cAFrlvbj0A2ObfnA2R
pAjL2xgjfxjnJa1CV8TqhB+lF5/kl+pbgw7Hpg0jtFmiq+2at14qcHKwq52Gk26a
kfy4/aNvCvc/kiXc0o3gEokJwHNqVrTJtf3LKKKHYjXAX9O1d5bKhQqcT295oIQD
e3UnkzuN84fd9Vu7TGq1ha1+swm/EZF1nvnL36dlyeJvkmQnf7oz+oyyrBaGGFqS
yIpLPoUojncUs39OVZBhAgn+qYuyPftuv4Oil363X4m7rOhgrwqxzpbzkSGUk021
HWXiYHm2YKK18gGMXwPIEbyQtwj45kiiqNCB0U1THl5huBl6SYSqIdFjQ4IWhox0
KVvY3c1oNkX00G8sJQRBjp46Z37Dyb8yscVwkXwRYX+JyeKZp0Mp0p5INpFQm4cZ
XE3MWJBqOhAS+E0pnOyV3ZNXZkCS0W4dGnBh+g19zkeF8y29XCq7BLAGZF6OMmSS
vfAC5wcHn8AGNS1T7jSZVPLgKeYbIZyTn3xHzOWVG1kw1lOVTYNS6zsNaPILjT2D
CwQNL+XBweyipEa/nK9SUZQXyDGFkIsXt59h1lHLAGjQhKqnDID2jCNL51fHKgKz
dQ+Odb+VYuTQg4qDD+9LAf7ukEXhMLaLffiTp3lI7pzB9FTHL7c9ei2ux9+X6kFK
eBR79ui0jR0i1wrHsc1aXHYRWDMtAWeP3DvlZE7Gd8qWDQpkqbIsXN1DD+ARQXAB
rcTUN4K29m/lif9+MaoMnCTPOpV/NT3N9mwVHAYAVDxM79N7JBjaFPu52EGuPJdp
fN/CjOO6IlmACsnv788xUbE3+uwuGJ5LAVNbgZcPnE3clRw+9rDCutbbilHv5yZL
AkD6F8I3si4iIBMdL8dN/qiM3IfTG28hhtX1i+ADwVjjo0g2kVe4sbtGC3XDODpv
kfCxhygJv+FW0LZh/AWxgWZgkLhB2E2PxI9PbceKcMS3VwWr8mHJ2rPkjMzaBP9V
jj5q348e/lBC2eO6OVHJiSD5vCbE8PGxgXBPQDiyt8lhQxv/VRe6OcKSaJe/0xVd
oagxGkBWrVxxlGGFyclhHIGtQZSI0uA9FNkcBLRA6ABKI0GUBmSTWho6M27xF6cf
zVCgTz9gonb+AuIJLFLikSl2u2FwDohGZVZN4onBbm5AC/u332ZHBNiYVWzQF7tK
QlUny1weZBO3AeM72Taj3S6d0TNmaoCoGxoqGQUx4D9TyT4fTIQzs4EFz6NCr2hr
L7ybzCBoI5TsjcNRnyYHZ+FH6DKxqd+33pZl4XBzBoPWOaJcu8Ylwzrc5DYZ5yqO
FM7NNgnj3zVUmLDsoKtqlpzdwIYgqr7FYul7/2nINL9jRgeDdHcHmYPH9b4wrgt2
NXJCX0yczBkR6v4Z/41ePBjUT3VgTAc8J7il7HZ79eyO5pzmuI+mmZTdxjv0zbVb
W+NKqW678/yCHYBeKdwl1ElvhWaQUmRvlbEES0kGtqdsWr94X9kPSoNRlzZdUMJW
wot80ZW6r/2FXamZDsVl+bt5E9/zkLKsGLtNLzhzrMX2HUrPZdD6WMOnUrsybueJ
84gibqNJEnVYsqh7vThLZg1XveM+Pc4PXwMv2jpyMCSsgf/A56svFq3LY6A0C0dT
Lt0L4wtQYelPf9zXk3Ra+sCsrSUPsJBApPDj7AHFrgODpiHSFXyn+f1Bx5oUOJRR
eRA+5/siTXfSwZRfS9GT6mrJDiTyM7pjZqlS35gx56se6oMpVJKXzT9FoOVTdE3d
s/VYbzDvm7dU6Aby8wx84u9TrKmEJQuR6knfZh5R/W86rrUK9CeodtbtYIt4zqvc
9g8CjoUMReNaLSpk4o8z70aHwjQ3IFgyxgD6ZpQiMQu260B14/drNTdKSz2c+f8m
YqV6d8/yJ+8PmpacItVz3BHNRh1u5sfDk+YWzWWMZwnmzadd6kIwLHXiBmaRytVu
PG1td1ZXyA1OeftZYJnwgnKRIopIUrSbkvoecqE1SSuqbcPYTNlbvk9Rw4e8s1D1
NZ0ddQ2AOzTi2R3chTRB+7R4pREXaMEVpboPQO4NgVXlTmn8gI71EwSQJpRo3Gpk
GThp5zCPqISZ0XRg41gzpq3r5ACh+fYYKvw5sejhnbSHD7uKtdJZHuLYqVzrPtmQ
RDLAKc/N/mDXL+xMd3mXVevRQr+2FwMyEnTkYhrr0bdhRRnp3VeiN4iTAhmum2aL
UkNl+vo/FeeNEuMD6GaDZ+/KerhIbpeAz6yDEvHaLT/ysj2w0/96hXGm0Lm6aTUv
LeUGtnMDoobdF5OYOndi0qGwS3Z/QoYDASEb4gjpUte+PDGE1JI3wpYuH2WjmInp
UJQYBf4ijAlA2bb7j78eYVjJ8UdsUcEa2oTjGwQodnchG3dTo752oCGFUHXKhADI
+8O0ax0F1HbSC9/xsjUFFWI5nO0xm5SUsJ+OTHV/61QygNgmaUrIQEog8umbwabR
DYq5RZQMkmrNv7fd4SjKBvY6Oh66xBE/GHYYs0nwS4zc2H+JCOzSFEy7jHiBmA6f
i7Kpb/FPdbZ763+S8o8iCNEuQgSXn6PSJfqmyMGIpBpXdm4HnvY2E5egs/y0H4pC
lKb6tgTf23G5XesCxmR328Pnw5M9pjwQQk1n78DALrosYilQIttKBnCUrvUmh4N2
858R4p4zGZgYR0yoQRRQluSRxsqwNJo3mLzsxwuWm+HTQWjgXxMx1+SATOdDyEHZ
dlIvLP/Y4I0H0PG2lEI29OfM6Uy2OK45M8XkkFWRjj8JgwXIqMYcd4cODaBxEWro
+9OXfpEqq9mx4I+L8kDHR6+rggeOK5nxs2oiglqoPVt800BHISIxvWgh+Kls3hrJ
9sDKvROg6tk0Bdpx5rGzQ8PuW+kuHodRjmijuKNOnJ68zw+SWDlvuNBS4UVrYmiI
iI+Zc4aLsa1xxkOkTJ6I3x03lb3dJ1y/GFx7jy1bG8uDT/8+LqF7pAUM1yxp/a8X
Ot5PDEWEK/Q8Qpjg8W3jIiW3P/X3zyLM5uuUjtesX/OjsZ3917GhwfcTd1Tc65z7
wkl+DPBrkNFIopDIrET7zx3Xi3x270mQ20kzwOec28jUST+s2Z0nAe99lxahRoDN
6Ybp/ae8BrPSgSwMr6vt7A7FnksIquci4hLiV95yd1h+jY+dJ5+RMak46VFKdqL7
uEV1PeA3j7E+eyhM5auYQAPZDKzA45rLu6i4UNHVnxgyhQiEdUz7Vl/ycaR41UaO
L/8/HzeBAKyErM7EjqPGokFY9RL65aTTTUjUIeVsVtoxgRw0CGnfPt06IDchdzhO
5wmxnZUj7u0G1d/BDD84Bt1US/PHKGP9Ca5ss2cb3kSmpfaCoY5VEKSdeZtI8zQh
kMndXpf/msrqEZAB/UCojAb4yBOyB1wt4eiG+gvIy0XYba+nxZBQdwEQ7CyWdOuk
Ehxi/kVJwa1H9rs+OGNXLAPaCeasvcmEq3avJVvmGFkimYgE0NjG1nDFLoHdT33n
r2kfsaaD62fRYi470xT65j6IoPyPMI+fn3YXJpqxl2C/QH2wMF9ojmvW9jpqmvu2
RWKoiDnFVpE46dtEdRKk9kUsCZuSktgCdWn5f0aHKVq2DraxlGwV5M9hg8F7K6XW
67AdSOM0s0/h1snEUZ6ivXTqIx+ASBNe9I5saGP64EYzxHekJ5I970TQueBxM6+6
SBP6HEm8659ZThVLRb/fow1QmvW6PymUlV3VaXbzpN+sWeBIhIXAcH6whvk1BfMP
h6uzAEtTBCRZQCvJBYfARguiZwtWQALuwSXDzNtlPoEZA1U+p3ywzvzfhaDLXOQ1
kcO/D/tG8j8dZmHhelGpBIIMLRxc2hHhJhtAzJBGME29ex6M6eepuMNFe8b4fv4B
CHPSL0IEBgr2vB14cG8hc4lj8CGreZHi1BX8VjNFj0cieYrKUfBKmE/znncpfKt5
28Fq3Y+4ZIGkoWVAaTtw91UUxa8pA4AtFaPpNBIV4vN2MwrN0BIO8OoLM+SAM6kU
isulYnrNTnAdrgMzepEzIV4VCKgMLSSWrrDFlYUQ1rYfi9jRJXyth4CfM4mZegIx
teh3pGbxoa/ZpxmSnFsSL2hCoNjekCDT9OruQ+BRVi11DI92BcuMqlEZt6C2I7rx
mZHc5frqwuq0TyXye59DZGm/lRybvPz7NQsevVin/dnh5tPn1PRX8UmF4CE42rVH
AvwGT32O0RkGWBohGo50fapOXFeIs54gcsMlQpwdFTQPTCSmUEjMZwoLw24dDC5b
EMTr815LW4SDqgn1q8qe/VAuEQjnSc0ue8B5KjX1aSIDvYFnw4Ootsr+bysk7yfo
x+Zv+t5G68G1PBKBVukEvIgLbMdfCji46/DWs1I+CLuJ5PpP8wy8NVOf+tTJouH6
SkSzbXiGv3YvhUh1NL338xfv3n20XTDDFGcmMWKMbKN2RIvApTePapd/6tnOkmdv
AJjozkzcdjo2bTFd4/Z9521BBegJwdkEDA949VIgYj5eZKzJI7Efg9PrYNT6vBrj
sK2qWPvzRuu0eaXCjRyoyXWw9fR/q6kuPuguxil6Nbw4zhrdixQtoRBME8XyEnm7
KPZVvq8CGGtv9xikTxUx+bylsCDk/72oPaMLzwPWLYP37d360ot8czJwp2QDcKxm
9E5aHhy9iI8B/i/SExgF6dNEMGlZKrwOwq/GNgWB1AnKI3uUcaBwJTdMTvZk2yau
8TMQwRctNKX8gAQHf6dRVpKmZh0bPbX8avO/ntsg6JzlKPD01RpXE4MqgNgWPHjS
SpxnhbaAx+2RJGaBk5BXcAU2pQdtWNjMLCIc0fWK+N8vg+SL3Zy+yR4fL8NHWdQp
SQIXG7wR+x3k1vFMbOfOHt9IxeS3l7d1tQOA6nzJIGj5VDv2GCDISl81UCO0+xLm
/u+GEqAxKC+s8ndOHfh6zDw8Xu+lmTHiNSgtHIBgP2H4Tf3co43Kp7aGSexEM04k
jDLWE2qMKH60zJ+ROotlyGsMjFQoNLQu2PjDxlbk7G2UtTRtInxpSskm+Gl2iBCb
kocUaXpcOciTKIaCtubudpyAOl2O70XakaJFr1XqaFB1Mox4sqS8700NBSK4K5Um
DjM+YkD9u8g/yKsfmx3ZcUtf+JX1dt3jFriT23uGEhjRH8g55gpDznewnLSfYSF0
OnAIqyALk9hP3BC8pBW4W5+isHY7sG8twsUk38c3n5EYcuaxIUrFuwUSNQtrChr1
sXw9wd8vFdM4/URJifXW0HFFPEue9KB7D7MyRKQyY5rZlSnMfKBvA2Yp/T9bjbZy
Pmuj8ND/u1GflqxSIN9CP78aYxX3L/3dJmB+QyYfvtkMzeaxJaJi0YPQJn0UZoQu
1pHjitIzYrwsdCa1pbsEp5vZjRj4XBKP8g/5lub6Gje572j0q3galBBAULeifG9i
Jhm/Hehudkr9JSTmUTS5xvZ9VX417Nu2f6jgWC0Rt+jEQWjHW5lSjmYRAn4ZIOdm
Q12mXLPbQcJ8RfUnFKLtfL35oJsB5P70gytmt2TSbzMINQxcQAMksCirLoZ42oIV
WxOKjASZ4NUjLpWMGwINAF7gPh55Av20yYK2v1znv+BX5u4sjdlIN9o62tGOVFJf
Fg4ZBEDImQfO8IFUH15/q0No8dT2AWNhEkPPztSd5oALpZsberLwKs46FApgR6ZR
FB8cYbV7EYaNeJ5Adrt/J7ZUOtWUYKikQcBUVyEIOv7qpaKr9kWlvNUSyP+eT4CE
eY1AYxwSfLQ5NECz15gG3/faBJz+IfrVWOOMFImDepNwce8WSRptmuk+dBKHgpQD
4GcoWIXyIVnFV1l3HhlIkbgr3rdZsMsS4ZDZlOHlAv0O0PA5cUxu8+9lPpQ8dvLd
nI344g6sLQEoNiQmZ+nOE14oguAwD96WH8Wci90XaVYf8UTrd5mbpWz/z8CIh0hL
UIfl1KVC4Gaws+SKAEmG2jHkICgWnXi0/qHHtSuZ8ZkbOQ8oGcwUMw6v2Rv9K2Z3
CYH4zfzD6XMNgPlHn1FD2NhsBfsgVWWJsX2lLZ1TeOuSP0yhCNdMI7jRXKngd8Zu
/b/k5Ebsh8k7+hErXK8xNWQCiVrZ/gNMz5+g2G3VeF55P3w6XIPjnSXmqLhJS3T1
CIlbByw72WyhpSfBV9N+42+UWzJYJh1XNwMO3JBcwrxv73GEjvOq4H+UyWSDp6gV
LFN73BuFGcuCJZyPvtLy8tDjpNydj99aPC3BmtXon+ejfkqbcaqQtFOqF/7RRlYA
+Y6kfIRtQshIxpYGksyPieeTDTAwTJHdaua7HOGyRuBhU0omZIucZi9IYzpj3nas
o3W5aoAdIAKsMY/X38BFiUMKrRKpjqmN7jdmpqbhqzewiJRwqr9CZ3Y2b38Ga9i6
uuhIC1ORqSuuj6tzhO0i7LUDO9ZC/xeOis749/x+PxUZhXwBskSlOVhAMJsxUzDj
id1HfJ/N/50fOp3+mQTxcgzPAD+Nzdph9Iaa7KEmG1rhIBt1jig84i+nQvkb7EON
M9tQIQZ+4nsKjLNJsob87IoUbmnuKfQ99fgVe0b7ZkAlV2xMlHviGHOfhxva05gr
nP2hy37ajznVzySh5nAmEW9E+uHgNh4RaZYp5Ik0EAGAR1qrHYPwCBa6o+g+MSga
YnxVryQcfj0H+0aFZcFPppYaSW+XqWaScOAi1X/HEvKnGvgeCAqExqBhXwTe1NmN
448PjA5aKFzb8Cac29e8kFUal879/QeFWqhxwNVT5OpHwSibifvYNBd9cIeOkiSE
fAobYC79YbK9vHeFtB9JI0iq4Ynf24Esygc8VPCdGeLQGMyaJE4KfPiBwhoz42Hq
rtDo76iw+VsQrTRiEs80zUZmQHutNRUJNeQ5igBknsnhQln/oNMSBHYFsGuaiiIg
g+rnvYAOWcXagqQMnNvA8Id1G13Yop9UwBr/niR9HLHgTw6wGOxqfhgAVHaTmTwP
ihtAtiS4zD0LkMWj2oEzW3aCU0/H+en1rgYpbjGa+bbChfLSlfIJdhXoXLYIy4O6
J3DsIIxKv5qXvOK1OgvUVSy3j12DX2bb856AOr/ohFWw58TomvKlE6svzUQsOlPv
3KgX7cvn3xdAmMwoucTzQz80BMzpQb5haRoYjcBvSje9MKzIGurm125RBwL3k7/k
Qv/Gli0RvFBfwnmFedkOCEuk8qns9MWGx8llr0uwV+mkI786/88WYA+sQB0sm8ql
N3smfRIfzaVaev4SGcF6ewUhXmM6sUxPyTjLXIljyNliAWrKe2GETTZZ/F1exObM
aazut38de1luvDMGUrhfZQITGhs+XmIK+c42TvIFivus5K+t0sjFm7tO2GMAhJLE
r7sat3tC0Gv8kfW5ZwGFEps/2DH17wkFtlv6lzxWm7fjSv4iutgD5BSqJxErrlrf
OeNiIju3YF6VENksBMvl5flqkSK4ohKkYKzVehp53/h+vdVQ/AYIZFWGvfs0JO8C
HzO0pKuavTvBNwDSXSvCZABN4lZiHtWeJV2Y1Usofi/3CaI2Pw+3kFRHsjQhakZK
jiiTiNK4jXO7+md1dh0j6fGDTE7PXManU94rDGjXA0ebOSSdSmdhy7IoVDZRZ0K3
czT6w2aV/IOT119CdpP3HioS8SnYGSTE9jnLEJvDPinFKQJS22FM+nO+gh+hf+lY
610IY1pyuqGAW87I1brxYHrYY4I1zehRgMuc6lk7wf3Svb3I/V9GP9Ghb2JherOR
GbAfi8TRSklav1wdSzDh+PhTRNCI5+3lZs0URUzq3T1b6KMdnDAMq7QvwW1LJst+
nHGasCBXebYBiBXJOhZSiKCuCi5hKmFnBbw4gdwQs/1QMexXU6aUoJfE14Kk6nrU
kzt2yn4JKSvv0NRUUBxBnIFpZC5Ix7enOa1JLau9dJYjjkSSkB5trBxT8IH+ltIG
RB6J5mAI4N6CZGTOJN7jJipy9zEfMEpBJaL0FKz5h9evtWrS/duKHRGzbHRnBYW8
qZWijumjvA71/sswQUKihUk56Nh48cr0JtjrHaYNQKzZ7q2tvhn+u4zLx16IWzgr
fG+Lvat80vcewUyZwUwBQc5aUWMIzvJqLGCCKj7MYqOVAQ181ZeL44FDowNeUS4r
kn3TDgrLQwWejbWLiL17vrk9PqR6UB6ZK6tmXUERYeOKZoPYoxMn9Y7JYjn5fn7C
lD/jiRphqLLDPggexdddKicIGVbsSkccV+ukPYCcTDmuVap4AKoTvyxsudmE5X3k
Rae0DkGpAsg/sK2XBG8Ja7byteKqLDCuI7I0jKfB3y8zESsVu4M/Ods6vgoJmMzQ
ARxxKXCFJOT0uSmcfqTvwnfw2LPdV4KGaes4y1MgvG5/WD56fNy/JimlREK3aia8
+cpNgepePzrBX11Z7DGr02V/wLhR0/RPfS4khXhCwP8Eaxw+Q6U4ljoZ/yjHfaHs
Mfjr4BK00NAEW1D7FtsZ2odH6HI2WhFlWc5D6K6VmS4PDMTh5mnklinSHAm+LKVx
+a9p20BwQ9bRcTPsuVG6eqc9x7znVMUx0dF4caZPKSdjcxMzXkIf3E6fz93v9aMx
YygiSIiZd+sfPdgNVbJMih6hg9Q5qwB4fQkqW60lH+31ja4gYrNumpvn8G1QEIG9
GaJ64DedvrY8DWO3xcw+HWA4rLCB/cHrdhThgW59DjIiIGWNYl7glv18RO6Y9qRu
oMWmXDdowr8j6Mj/tHnCDC+Gau7zgVNpqmO2YA260qUd0iUQDyXl67cxx/3tdXOn
A5TUny8AzuICp0kGapgt+aKWxZNcIruYfcIVdpB1vDXQXRicdGyjqFWVn+3df2+H
GZZxnmhBJya60TveL8tc9YepAEw5MaqMNVZhbbxfPs82WuMItfuFRm/5MMHBx6/d
EYFVm5PIy3etkt6hqsf3EC7e3KpNXrUBN0u7yOw+MMPHpCrf8MmdxV/SmkWjP8FE
mr0+IAtc+MtPUuycIXAekSmQStmpANwALGfUf26gRLz9pENuaFY0S5ER6yHRwxIb
xxGPnfCb5L9y+y6T4AeT1PImEgu4k9FQJeD2seYlzrhV1n3LWS0ECaVJ/pvJFokq
grz4JkYVGPXAxmH941enuTBBscvXoYc8he3wHIRwB4RcVsrdV1xKD7QteIaj0c5l
Jr6figJQL++9s+SvDOipfQVjJgo3HIMvOvWxq+ydGudO0y9RurtLykSG1NrWEaPB
IgBr3noZ/QXBl2f4vDbdg9oTWymZABQj4xr1UlHH66Bm3JwUdFdhBVJLz1qZMxPU
h2HMjWRkbqgzRR8Mg5LFp83WqqRY1Nv1HNvzV/TURLAXU8ldPuO/w4VuypvHPJ1/
8JbosDyR8aKUy7HSJ4B8gXZj/Le+eoafpo2JUb0F2sCIIpI2tYnNnkFstENubnmh
D8VvnHcf5kp4IXV8LixdyZByklbZeylonFi1lkgJSpw7UNvsec0HoGBedlkhINkX
wpNobdywmuEwdqawzi63S8DRzDEGVjCHbho3FO5gUGLj3Iog2e5pW4PEbrmdWTrn
7QE1t23twqeyanGDCdU2iLBjy7Kruev2ympvBgpCYy7A52OloitEBHV17Ak83qmh
eKOj1cTc892THMx9vtHbzXmYHbP9RkYwP+YpztsLr6I+qYDXtCgq5JU+ZAVCUcXL
cA0mmGV1L5XOPg8JOzms9mFq3fO6n/Tlih+TYiMY4trHI8HHCsnOP5U01kyzd856
ivuJfBBzFvWXRhqrNgEkCoWNXWMN5eHwOSczH4qJCFPycQUN+6NUumldibC8k9rR
RWUauNCy0W0lsQtahps+Pf58/nvV3Q28qLnv3kBrPfHr64E3XPE5NPUN7uwKM/bU
eiyTQP+uHVM5/yRSqMteh8xyDoR03QHuGFBqrKkuGcwuE4sd95f5aTnpb9zL53Qz
2yYQDkVKmexCQNCbaWNDxYCHLd59DuwiOpDUZMljLn7ad9kiv3/UAn6JSd0/kTOf
tZLQ11DBmBxF0VjBAtS1w7jbtfu2xYuRKq8DFZiZ4T9RNZOpOqX1P8kEl8HwJ4yv
5CXJtuefbORAvjR3EaN6Hnoj1L9Q8jz3TqOaBRFYqtzY+uAnI5RRia3XA2VaIPdP
1QdD+H+12vnGci1oEMjb0A7gnX5sVaRK1DRdnMVhEqwdV6GDiteNgLVqEsXVz9r2
rD/ZL68qpqT9a8AiQaVOlzmyy09M2gLumfzZ33l9Pb/qqrEh2AaQS39N/AiqHZr4
jH0px/zXPaVvctUUSIrPrSoPNGT1cTufZXzI+fd/ccfLA25wbxOdx5fCTpoO0FuV
I6DjhPJZbGQzwTvVcAodwyYIEm0MyDnJ6cii/RLvHyIDfUGeNeWd/M1C1rOEnp0p
G8t7kW0WFZj91NW1E81HYPoMElUhTF/mBlqhVMBJFbnb7XYlw5M9vQ/JqtOS3d3D
DY9BrjaZFurpCr3CGzwt7NXEkC9sdS5NDmnNO+fzI8E9tVBjVhdl6rBQ94Ck3crJ
ZHL5c1A9Mr2fLEeIwfNTluGoy07jW9Szx8tSfZt5Y90Qn5hpbrQlrL2XhYxcGmqp
7cq9gun+nfppqBGPA3rIZhMOo8yQwMmrl0JTdRmB8MNzqVGlpOLuyGqlbD3+8Y1W
6S9C9TIEs9j+jAdVgM4WkKuS6nqlzDHJ2NVuVTuC+NDE/zNgEPhLQqqXKEitd35k
7cMRGdh9lhz8z02Ee1uV9IHUvhFGCIS8Nr6eca4syi9iPVGpG3wZ3zXJzSXV3cuK
9HFLoltFeBDBcbbG6+1xSGgiPY9P1LNG4K+1vdpXEWII1FgHQB52njkIKHCpX16G
88HFJq4Qf8hxUqtVNtddqQT/YABqRFRaRbavlJevV9KhiS1pDS9xuvldFIvYGXAn
DG78ZXCBt8OZRBGCCBwByfq14mFu+UxJAOHKUpSVJowv13FMccB6vMPOoYnkZfAG
tunR2GMXOoqwUJc/PEibezwaU/8/bT0eKb8/Va1KfRlvxv0OJx4wJ37WQHKZx43i
DnlHZPI3ixAg0RS/yl+7R4wnO0TYX6mnX8UvWZI8BfK4XWwGS1jR72FkCTyxEUg3
CeqyFG6PWePNOMbqwK+oYqSVtUv/58NlxCD2tdEIRKAvQWPnjNftrufveACKFN92
r0hyPINf4Tr7XsV9Y11657sApPnLxCynD2/JoN9Jd94EVHLoODHejiqtgagnxBZy
L2BoyK/pyZLeIiFAVNPHniWVkVRR6uldJd9qutIFSUlfhZCpd6HGwqm6iYn0gW1x
T6u0crvnP0VQ8ezJOArD+iyAaECO+bpfefHWyY2YbQBPzeNCXGZlvRobPBcLjbqe
PIEkrU+SjTdg6vOkCzx9SEIxz9U5zSNFMMOa3cESkdp8NEuOAGEs4LAGLu8zn/Y8
6aBibT7Sx3c/sZoOpZJjnnI3xaj6NU0kYoEqJtLtbGBP/XEF5CvrI731nUHP2cCf
9bq5yoAep2AcN4u1Vo4eNSg9oQuANGGhQnO6uioc9eixTtpma7LZkwOgUEh045Lv
LUo4tYhh16VigFZmWkb7OTGkdarBYrhOsRxkgokLGnoLmyVCjFGSpSlif847sExa
S/XOWbxgr6G4EBbAkUVFLhEZMXvyW0eqX7KwQnhP8aSmcmHoGH++0/dmrV+Z0xZN
tsSMjVRFbZMUcrjS3yltVXuNjhOcXyEwkFT4EIlmq4/66IwPA3laWal3mBOlRhVs
8O+V/o7t5swt18s0jPFjJcRVAL9SghWvWZ4svJME3fZchayjovm6HKYyGTcClW3P
U5uIPkm5fT3VOXzjn0zGoopq5fmmXPsuIaS4F5gvOp7Gc7G8XHMZteahbfYCaRXh
wZD1N2FIZyvdiEPRaIJJ3yP4eAhLO4aslHbbFn0R3kfoxFKXXQghYYZTkV9LRQvW
j0lrhKkvLrv5UunlGQ/mzVjfOVFARPy198ypjFL+x+37+WzLfI5Q4CWO231c9P44
DxPOuxOH0xbuAeAlWG8aYjp+md0OKmcF0NgGiAA1VxaJ6hHqc8gtgd8zRHAYCRP5
s64kA7dNVHlKvalt1sRTuNch8zQk+xJDNZ1XemAThEqJLEs0ptYLEIcTw8S+TWfT
fNLNJ5DBSJxrPpLmoigmO4TgKUxsSznZGEV4jEd3k2uFOMNG+qJznCsGQ2hs8ZJO
FEM/J5fjftEYteNxIy3riqrExOwuWwOchOGzHgJb3EOzM1ofIP+rYkpaqCgv3fxm
ogcSJYTP5x1ylcWfWAi6p8K74aGdeNd8+d8RScPwWaRIHdz8KqLbTh87jPNHUFIN
YKLs64juqX/AeV3r4MF3Omb+h0cXpmIDbXdsF/L6T2IBfTQyteGToE1S0d73foD9
lq9XmCjhfpXT24vc/KveQdYAITEwg0jGBnzWsrtlgEw6LGbZAAyF+oPX/oNRzw0C
5EQScXr5DmKuHySI40tPIotuXVs6VSsZ4R2gcpnWRbdmncLbQFuOTUlKappvrigv
GPcTumGZGVlAbBJi74EKQMl+oo2ElnCXb3lxWqv0Cab5PuTge3lAbihclya+fDTc
3dIKpyfLpkVmEoZMxkodnvi1L3WVfZK7lc6BjdVq8xRnMHaqBLSw2UqQlmqYvSI8
LCmUtY1M3Z9KtbCkMK+8Lh7/McvWyPTi68vPO6fOWH3sgXmghZLgibhuvLMGugDl
ij+2Ddg2m7h7T0gG0ThRJUyYdZ5N+jr/6cepGATIDZCCEdL3SmqpB7QPTPXSbFbY
4SpiSgtcH+vmtmpw7/WL3YaMH88cruMXqgnE1SaBa4yxlj6sXN2n1lfCwfZ28+VR
CwbyW0/gvuk1M+t85EhR97j9dki09xzeFJtNQNDNQziD/VaZCj8nW+lCUU4SwPPF
0sAqKKF1lAsQy053rvtywHshFAFNkrOKkePfnIB/cAbMB0x0jzbE4zPItY0WOTa9
ttS6ptvSZ4fM0kwjrbfDP35m+Ge1T7DrwzVH6fMyOcQ7BE/aWahmGcoNYxnsbQOo
ixnfmZzdmxq9gpBZXGorxHuvPmAV7vWPxqaZSmOD9iv8AEmH/R6N6mspruaJbkkE
SuvI/GI9YiGk5ESNmxMGXGSP0wwqO21Vk0k8gV61vpnunDn+9yBR7JwZvs11e2uP
s/8Yr1R79fH6eG5mIYPTmkWHmdgFl+3ajt8n3uqWTc5sAkBYcYLRCkUZzl+IiOkt
GtLoSNitnpE70a/5xDByY29UHk6Z0lHpEar0A5lwZJEyLi3OXF1Z00cvU93xzmJS
HXOr9U08HlvvyVd0J6q6w+BC4K7RlMtNT+Om6VaQUZERPhfE4da6zMfHI3XBK0OC
4jjB+/H+bSlJJmiUxqrU9E9sPXYYjMOvzk/B7PMbj600RECqaXyYFaJcUTYBBkCI
VP6ybMIKtQB8EFIGVNHOr/pi8nABrdJM7SXEzatvC2gHVom68Oh88TeJDLJjLO2W
Mgo8gKy9duqwN6hcaAAvDyX4BjxIKJZc1WuM1PVnLtp8Uy4mu+p1AKz4O7qijF++
2g9vTAUxts9DCI6cjCEfwf6NYCYuJRX5D+kfL1MB+/febhU6akhdJ5witZwjjWp5
/QloWXzOcbq+QBXIa25r539AvDnbS5hQfOyo+yYmlkVXL5tVzAYvqFxi+ayxBB5T
vUolYUbN+f8KVjuZK/U19l0d+X6maHCD3RADk7S861l/qEHhioXhBxw+FvwGOkuj
7qtB6PWvp/ysG5zuPT4y9cTjx1nXaiNLbWiheuerHCUSUmBCy+YEDPZRkfHMetCs
+MW/LeR/B4dO1rxJ/TfWqKEybHvfO2bpdIQECxTTD0H6nGTKtG7i9y/5NB+bCR/Z
2n6aHO0zu1lp8JTVA8hu4d92KlZO4F9pT/faqrzLRtwyFG+tgnxO0tgFhfFNR2vi
F4MH5uqGZd7Ctuj+GFhkX0pZnc1+0mTaxA8KcyOaXFvD2sg5FgxBPr45idgY5hsS
vFAob6DXJ9OoCyYgvw1G5gy6hSB7JrVJlVGU3aHjo1lk2JBAabxHg48NXivX4vJ+
hIkKFzXS7ir8ToO7HcJe5YZ0mGNjPUOlj/jOD3DyR2TTDJ9784gjmPI+m8kWs5CL
+IEXikKAJoUX+f/Np6jfEQW903Xiw/0FgQ3Q8ov2Z9u2/YgWABd4wbugJwTgIRpr
XaFQLRtKNPnvBgGzaoKYoUy8KYfHpbJsJwUfFx39LAcsDfS/V0XJi/pg6z/MXd6P
CMjm61AXMLlawsfEnevc+1H1+Cl5p5jLzaDc5K4CFU4ifYyzBdgRr5q2BGF89S3G
GdDEtX1PpD2ZVjg878Kg9xPaVhp9cc+x5o35xyhmZ7ciC7DwVGHUskRcE23B4ysb
81R0uYQYSoYTYQFGj8Xe8JP8BLb4lx4nV6clEKwP33S2CbLWs7wxoiBQu+Qyga29
nnJPOJXjl5qfF2osHzEFQT2ZwUSu2mpgVWB6AXn4YCj6Fpk/OjPW8KwkkKV/T4h1
tY2+SSvkJqBya1QrIUgl3fxxownWyIarxMsb/r4DsCJiLISWGkt3iWfQV30lEw0U
PeYK9M3qY70S1c/BD97KLllDVrFgBUsZ8ZxHUOovPgxDChBPB4GSVpElVyPEFB6U
IhXaDqVAWDAEYi3P0EkD6Mq2Uef+T4HJVbxdGsQeAjtDdp1NEnYrTk6B5lSiPEVG
ye8Up4MZ8wCv4wFxoNXmrIJuCyGCfPOKITih1uEePEfvgNzsxRo9mSdVarttE9ns
Bw4P4n6XUcniYpdFpM26Z0DJdpihh23SrhRMuejMgqyNwxiDkMq+pGLGgWGK1dtB
sK2tM0tBMrEtSUEu2hMto6ZDletFRcfQA5rqub1BfuBY+DmWcvwGyrb5cJCuko9R
ZLZpKNOe7hE5HtvMd+NOHqbawe2hDUDYXujBesYvmIV3KHSZL2lv+4ZagW03SIjw
Uhc/Kkv4C3L4dZHiTN8Vj/gfbsQBAzDCyNC4pGqS9DLoDIsLNyIIQXWjXVnjG/wz
5F7jMeQtCGaUuaSUSwf8TzPG9J7de+uPmeX4efV6Fk+XFGeuPOcOUF99yD48uztj
I5DJqLl9YQzZbzkGcD4Sq0NrPpGtcMH/CFHMzWSUoaIPn99I7Oy5eH9bKxtxSpIa
0NnoPwAPNBdWNddbR0+XAUF16GEKX2kKYiYMdhdUMWJ9rBUD2Wz9tZD+QiKL9Ibo
PmQ9MO1uTX4kNchd8XTmcwAoizHUgb3WhQCDiCKMiAbf2z1S3/Ln/sZYV9uSPzpT
zyIqV/frLrvI+i/9w4D37im/o0OrbEBfC2Eq1+a92HcrsSIeOis7CyYhr38QKLXi
U7ipK9imXfcWO9ILDh2twl1z9hvsUzI1Gor+ChpQNv1uui/YNiim2gKoV4CjGGiD
NUl+OwvcAo9ii2yqezUKsOXmTblxTGYao6QEOfLvGEIJQafRZjs6yL/wehwEtFTS
SCxMD/HdQ9k+YWj2jaCyGXZllHoGouLnJ8SJOzlpy2jTAlIAwDYwUHcMUCgQi+7A
QjetAUP0o9eaXXW7hsz4jU/V39OkQ+X81qRexLNFkD7AeWjvD9jkiz7/cGp0UQhr
b3m0UXw7pLLnBb20TDhN79875+po/JCm97j0wVHPi0HXTIYJyrg48sCx73dtGi1j
O3ZQDFsAEMciyfIJGNf3iO5ZRwEapz302kCetYNE3UBjJOuADTL2ppp/VfoCksMo
JY9k8otca93m/glXyIjpxjnitedTdzehwDGxdzl8OtZDkT4LUdlJQcOXCnKSbA0T
Az/NhgMe8g1niMtTTFnJ8NF0zEqFshvq5iPaNVFtI05QeB3ehuB3Rp2i4HPmhQbo
nIZMo4Plwl/rNCvz76SG8LdPdWs1U6Gm0LIm5NWa/YumWIyY6DJCjrZH+X7UilNL
/7jJzDSiNAkL+cIYvgqE07mTgFxrbB+6EuSNHzVIiHrbRZjf44UW9D990foCsNwQ
EQTUaFil5meWpjLyBa2dPTZRpku/3WPH0yVrHRHDWxPtm6Wc8cilX94O2rYe5HaO
UbB2G6oER9VzKIW2I2q/kJO4Y+esW+tPH8tCWmzkwGGSu3C7GCWOPa5o+twAqRX/
curFloa07gg1/YMEz9IXNBZlFJFbKg/fi4w5RxSGRbfgOTlxTJTyeMz4CrQu3nrd
cFcfmJBBUVPVaR0UCfHE/obgILmZObvZu/MHpIrhgSQcTZ99h34wWz5reJk/WmTR
8TbzXMT6FhDGVFgNdJqyPDyGKVfgWSJe39BH77nqkvWhd5V2htSZFOV25n0tl1Fr
CZHKYTyI3kmatoRjMcNN++xQvnzRoKLs8Hh6W3EL09ywjFKIbrjEIMKPt6QbDIPt
udU7bkd3007q8IqsCTU7rcnEdbHc0X4pFQOiwqXlYxtdo3ocAZAMfoypiwPGrg7h
OHDeEbvphJNNe/dQti8HzHyOx4M7iVLWjUWD+VEP4ikDlhVQ2wucVZKfEOr0TI5V
B8qcTJ87wxDTP5ttmoRX9D8d0chg7DtFPqm4ySGpb7fYzkXTESkjahy8+MItYdsT
LVI3MhQEKtoTBYDVIhXAObw1SLUoETNlza7kykwbIlvl6Gcqf8zLcXHYaBCF0DGs
oTDsDD55adEsDNEp/asUTdczRzSQiRYPvFLAVVHmgpYPqc9O5nwFtxjR+WaZFEbC
22BmZaVuTCU5wd/OXSZ4JHjUOqjbXPTeWlVmbqbQOOSnN0CGJqQYJ34MThsECV/a
1Fu03Aw36GKhEVmSqFkuqGE3f0XBQT6rdfy+GSNQvarAZQn+JQc9LFhz1exvlEvt
AHSdzGug6GOrpuCyapdmkCsa0ZPol8eNcX3IreVtSp3Sfs+ankq3oul4VBazGWr1
LXSX3TbWY/cP9wmsZui+oeXV1D34CUd4a61K20jntBif4QJGgFr2+6psPLE5WDPB
pFM1CeJrJi8FLdDK5XqAoWWxIyYgr0KNDrXoWgzTqnQs4Yu+4+Q4imqiYaasT30Y
vqREx+s8oHxTA4W7TRHXfcGiE5T7Mg0x6kqUYdCNo0D902X9rOWOrr/E3eFkeRD4
UqU62OPBXvaMKZZTEsv67IPHOHXytVkECwLYRq96X3Xjht/g2pIVl97JoIQWuM+e
Lw2Y++AZg/z03cQk5UfONB80Crv6l0mj5pgCg54srkiLKI28q5rdTRc2bYGSBLJA
hl5Df3rJKTeNLAV9cg5DMSlPShXpUgb/FVAgobWebL22VN5G2wbcd2MFOoqR6p5m
Y9nnbrumrxmrvrSJv9JQ3MgIiGSzXCYVe9gLOqv6d2n0G9IlRN5cMMlCLEY+FI07
aftO/nHbodENoF8LtEMByYKvjh4UWWhbRKc+5coaLSvlZ/hIwhRhKeycULxKSBRb
hQZfStEet6MJBBpGEFFTG0F96YXgDlow5D3M+Dp4qWtm1o52EZPD0LtMjb1pqi7Q
kcIJ9aVmIVP47N8ib4SmlKXZ17WzR6a1WbKKZWgkyDAFwxWr+IAsZi/U6m8eUjhd
L1NKLO80epm27Pf/Dncu0PWyYnPBk0oZ3znzR7e5WzeqSbg+ANYS8fjsV0JmTM9U
MYSFFBRmU4K3YQ0NgBVXEgRsU5Nac2I7ZH4GCgsaMzSPtHOuVIrx7gNFujFFPJlV
iX69d6rCPnp1UCv9fjNOxPwt+k14QaDMyjCV7dJXljXF3JefmLreRPZDM29JnjYX
VIu0JF2rBMxM/Lv0THQna0lOILi7K/fWzwIV84PmJrPXFpwLef/15RmhyR4thlQE
wnz2oUDM/nCuw6kvUH3AjUO2am7LYx6yuWL+zVnQ/mt2Mo6HTgqXjO12LcA9qDWO
AJN/K24MwAhrxhUAljTxmnUPSHC2H0dVQaXa/88QjwiWVBAFXx0V5TyA2qpmzqko
cJhq09rMaDHqONX1HiNiScogRLJhICqmEsdk6/qvFim9sNuijUEJKxytIFdkgr1V
lcMWwi4qaQOqtVb7m5ta07IZrZaj51ZCzHEcnYvr2ZANvszH/MintTyM2P7MpaCt
sVGc20a8aj8by81ObKMq0cAHKw4ASa1JJ/n6ctzV3n1YGFAKz7ANGbGaaFgnYNNP
a3IBaaK96mDRbvr9a9IfFTbRjQy5Ovb3ZGizIemQM7nsgU33DXny6nwb9Xr7IuHL
IDpCsYfMo5m6xFXkdCXtcsgxGuB0eOWbnu5Qbcw1MXAKAMNWOw44mxNYvduESPQp
yqeQRce5aKrKKrc1EP6XMa627ZbfTYay54AhbfpCO8QYk1/Wj+fyfPZLpKHMwAIu
ahcs6YB71zWUYABpYVUS98pqTCDlj5q5NH1RDUQtNzzuzNLt44mu/q+NynbSrZLb
FmLB9oHaJQrsJ7OmHFDkogbNvY+Vb529aoSKJUYZiXOI0Du6/4ukopsH0rSDWOQ6
HdTMGqA+WhI64dDCek6MatHd/cUOlLLMqAdmurMRYNzzjlJ3pNzLW7Ro9WaGsiWL
s4LRhofbujA3AfHZWlbI2xWh5Rw5rN2P02gyP2NAAgMzC0gvzZ5gjreMkievcSve
CpaTmpTsWLvVGN7Pse9/vIy17HXypT67fiJe9MCsmlaBNlJigTq69R7K9kUqomqb
Y7B4HRKnOHEVREiBgdtaGebHWILtYADRF/IEjV0q5o760fA4KThQrxbVFS3kETF6
UsQCVlVyeojTDgWa6/XOSNwPgzseatZXMlrF7PqX71Q1TJYUswYnYO5oiKzwUA0R
Cxz9ct7Nx2I7+ERUGeXuDmxQHM8B/fcpeUNsYwoEwXqvb/ZvD7WTsr6siYX1m3Oc
Cc/jhlOkoGjlnw7Sy0GpRjAdS3bf8ipe2JrmHZnf+Lk1BqO4n8ZQy1B5KKvTb2DR
QJAs1P1P7iUmfkGbr+a2ASxzIX2Btu1cOfBpVgDlbKpvb4QaWzWAgQ95B543vQbp
H0OyhsPwZRPlGt9hEXPdKGAVlxF3gZT6gooNJPk0gCdgi1m1r01GjZzrXeDT+W0j
vTQxL0tZ2zW6ClgMBzHiorgPjmoqT5/we7WAayK58rIzG1Ytdz6TEkwsW/bf/KVz
Oz7vxS39iq/4eocHm6n3lkEX573Pd+zWdCKmUsA2T0TZIStPQ49abT4c0wPvgyqn
O6H57sJ9ToAttA588JFBYLOnLzO+HiFArc+wiFiLvTUeOyJ/B9/Krz3YUCXDbHdn
dwe3MOox1NYj023grN40kHPaD5XmMWyJoZ8yed40BOzJwxjaiV4QQnIhZfcqrjka
RUaDeAbi8Hexh4SoaQaBEtnOoGZhAAO2Awnh7VTi0sasFuPW6M0zQ3vDBamhUQV7
AYBN7L+iZ5CPWjezvwCFnpR71dQO8u7LFfZ6lkYbUvhbd0aUn47jwQnzb8xHFjLY
8TMQwRctNKX8gAQHf6dRVrpkYQliN968Qqy49RvPS++5xjJTIuDrxYFlGTOheuVM
Plz3F8e6zYoePl/WRbzcKWQahHMh0IIvzBSU4FzLhxJpPM9oUf3t3OVBCeyWMWkj
0E4RxwaUkVOVHNPXBP9+7Z+HgZ1iDNxgAjDKOYGeVqgdE9kKmgZCXXEq4dnw8qj7
5f9FdwKx9Fq4YK7XoDM4xIlSDeO8SnjYcMirggaJJ1xK7HNzCHhIYBdgcAX7RcQq
HkPYQAltWiMz2I82S2JnpkJSZesMOgb1djEaHxng8EtCWrge5oWSQCIgD1zk40cZ
jR73ztb3u+xgL0+baMQNE2l3CsY6XEtCmZeo5RcwzuaXyW2ppnXYSdNj1SVcMo92
1EEjKrUmpFZXFj7fapQ1Xagqz949t3/afCIrcdd7+CmEuOoTSoiel68jytEAFoNM
Dc9tQTW1ruHCb7g2K5ykjtZ+JrUyFQjNbHuwEYqD89ebRoU9yeEKfjkGCyVgJoaI
V59baAxY8I4/FlQiU7jfUKLbL2pbvO1snVNHojo+Tp+Hix2TIq0bTp7gkaFCutNd
/oeGDz68h1LeXyeJ84Vw35IGF/9wX10VBhwYpGMCUePeJ/MQ1E1AXkSfWsgNistX
E6dk6a3GHBu4/jQMyuJxYuKtOvyEHqmwnzqB98vYzfa92Ohh1946tU9+tDJZ4NoX
NelGLhKqG8gd1guu7hsyXblDcLy7gHb1aXdSIWqoOdVudXW6X/Ki9JLyaD1CrsFq
onwLdX/5VTeRodxfrtEVI+KhEyuBSiDO+baccEpB61LjtGaENksTazpfkUpycVLJ
jmhYUxDhIHkF40Ut3qdIZk2tWLrLVo8uu0p+TK1ODzImdrPtTo31LvDYDXRoFG18
4HnrTprbnzW4CK/dOhHjdGIkazCY2fLmQTQgnwxllog3QdVIHfcHHCegncIIWf0f
AYKZvIIQRV6tQlANpUgQTZ/XxSnie2ms1NCeEgDf2eJoM+wo8Um8B56ZYV4du4t7
1r0CF44LFsUevcfM/U+c6y2EX8iUHFWhX7mgF+BTc8TejxfEA4FRkckYZ/e6k9xp
F8tFFjDjaohhBvfHMDl6U+HdZP3iiIWJQ1hTJ0lzPAYkqYQ+oNmNzYnFr6WHhWxF
/3Ju7idTflDvRkKgRM6SH9TVlR/x3UBZ/Cg1ttIyTRhGTyi1GkqebhT43xps1RxP
n4RndokGGdDyVWR03CSMBSJznAvJcj/ufaSiHP+dIjU1FKNnO5WSbx7N9xd8DebK
Eri2b5qgKcY0zcXTLX6Rluozk7YdRUMV1aEp12ZDtt6YFrys1iMH9SHXaenAt8rB
FlL5b11cZiyVU+tjAowE0fL5Eko4jsHxTdYrw7ZECr2NNQayrq98XwzDvR1VdCID
Ig9yfMIel0JBg/XYpzB9WP7CN7D/nbseg+H628nbvTWS8J46h7c7JvfdIXONUb0v
AwYW06+rXiakMavr4HUip1nE+v5V2K/8b38WHdQGg+L3JtFw+uPJHTWb7ahTa4MA
OI0HOAZpex1HXjgTl9V2657mjSdt+O0yIP9k/QXqX7gFAueEVC+PLcibIm8uYUAy
Si4wXmpO/weUqWjSYftXCkWTZL/KL+sh/WyZY3A1xeT0NyjuKyUe/W/xu1POR9xW
1geWIcnQnG8ACuzRzmQGoE3BMpzndlXRUPjZkTXZ3pxkt8WIZ4bFyMHdjhuOjGxh
5MKLMBdRSSwVMo6U5yl73HAow/8QrocSVJKuQXHh7lvYRRhwuTyNKKoEIh/DvhoN
USHuyXDltoFRmJMaO7unO3H2/4lkVilgKSfSdj98KAdmaOtLufXr/Qg3LK4V/VpN
b7nzQ4r/Z0p1VzX36Z+Wd6aeIpgtU8sBKguSUpt8UAsNfyar5j9CANYGrwN2xUaE
lZHN1qW6yOs48yBt/ZuZIE6SMPBFWpr4mlAPq+DZI+VogG0YOpMdNDV4/LIZVw02
xKCeXmCz0GlBciuuXOImAKcBnkQGc32sUG5yrS66E9mMF9E0L/fTAojJqOpDM7B1
u6XAo4U/so0pBezS/q9b2HRC2jf8p5lAUWFIyZwtiOkJIQiZCAoxsS1QY1oBdWj/
fvc/RUmSsA6qCniz2Kd8xoWYOxMvLdUAVSWGsopVxoV4Y8ItZC9brkuRGKr4La0Y
3ou7AIl0kXMb0nKtLYws/RHMK94oJ6TPMMi2n3ANLSJrFLKXhfbYJ0Mh3CCUjP/C
tF2ocBHzqj+x4Ss/VabBRJws+aQQz32DDlYXEX7URy7ai/s2ydNo+5dGus9/jOi0
kPBnBNHjAxsLLGKPmXje1ZS3G/xsT1XCqo3JapNNtYBVxaQeTPpnlyvg5QwBpeJy
wGaVDKvSC5Fdt9GD22rshbm/i5StJpiV17Gb7KxA3V3WyEl1bQGTJAdfh+sLR7Lq
USMij2AfR49jiUflo/7uXnKCSqDnbDCd0tjj5GiZJuTgZpgEqTIhCwHGT/WxIRBf
2caLv5OYclYEnc1TrPp0XGEAfHKX9WNeNOcFKSN1CglMa0sd/DBz5b2wuoXP86SO
1DHLfOI4jKshXmZVGcvm8oUxoGyhGlNDCDoWrYV7/iYVSyoZvFCcqU8FqHB5+fan
FSqs+0XdPsP74CIiwcip+yXu/ajD8oK0jMhTGumVj+ZrBAgri3HQJQMpcOg0ir4h
XKSywO7VbzfwhJ99Z3DFRkpnAiTR+mzPNYuILlOhyfG1U+PegEn6DJ8btIwFBy51
WcmBKg8wB2RXosmUaiC/y/ClUdDreNm+cBAAoyZFHqghJ1gg/4avOHUQTtbDpntg
EpnL3VKgPky0W3steQ/zEXa69wSyMaDS5Nq1xJdQsyLEWr54bjjQggBcyVAV1HrH
xx1D4/sKRdeuN37snj5PpmZzVjQ9uPq4r1rAsHoSee33qa/ohAxW8FN1IducGIps
GXT38k9S3UAu7DaXPX9pp+51+gWqvzG+3SCZzm3XfevJguF1feeJE/X4H7rOvfjH
b1gHDff6b+r1fN9NzUcG1bTj03HVpgkECwqfm3uLj/qjWgmV3TgT97wFON/8QlGK
fsW51rODRMVU6Blg0Jn0HtVLWaN/dlYahsjdP5MJKVze4NB4oOZSv2GiHUPQCzw4
r1jskQz07I/dklwZAlHZOj+ZN3cFb1LVn7xXz0YH1+bCTR9ZHm+vcotiAU+1IW2m
9T5cQZjt7mVav/Dy4jspOLCOGfj491I//C0bAd4SkMV7xa94RCnYTw8MBG6tf31k
sSoMcPDViZgqbylGqSdV2mHeIELk0Irivy1s8yO4cXVX6JfEottkjUfBan7CDgRE
sWYNAjJGtIMkK7Cio8+JctbINHyu+KUVx2UDDZK0Wm7TZKXIqxzEsA06A2jsLFiq
mx8IORLIiaYOAbJSQ7xaaX1tcKYdF/P2sQ7sN3Kj+kMPdyZyos2N4KZq9XTfHk6G
A1HqBykepmBeikzjonZUqtKDBkGDQtzH5TCDdOxiWHX5gEXM8W8KzBOYs9fcLbCr
Zuxoabc/9H1+B5LmT/SPeCyNMsgv6f5QjRMnI8pVSchJ9k4+oLFkk6k8gJvrng4A
uTfJ4whBLowXiYxdDuWW2UcrxGh56Qr+QPtKlOFJvUCmksYz1MEM4x2bZll6FY7/
JmeRuO9JuUOQvLb3pQQkZ23XfhL5Ks1tYUzp5yPA9O7zgNrmbCONoimG4n1eWrFF
lLKlnajlNg9UOYnoQfZpT2CaSp4L75TkmliPPcYj6hq5EBc2iDZcX4No0+VzIxer
s+wDYRIEngwl8hIoJaJ8r3sV/8X7A/EoacoLSqVWuVugH4GmtPexXVDNpp00qdcp
C3xoMHRuuABm8GryWlkmHKWzKGdQDsRCcnmEkygETXYRhuybFaGTjcjUMPtlXWz2
MpYx1Wh3y3x0ishzrlJ+mBFwoVyNjj7riP/vN4YGDiau/i7Afhj+vpEwZZQLv+rA
0KHEGK55aZ/AG39lEEgepDGzE/ZfdX+zx3eUhTzq9rEneF2YAiOPmRtQluKrqmTs
A5TZJlNx5ifj8J0Irtv5jx+OSG3Basgn6SF0+lXqbi3Dkxmb63EEprGh3GPQCWnl
VE6MzU18XZ6Xxn+7dCzqqlq2BkFCeonHqs85IZKmRAv8oxAxMJEsTwWpN5iTfkP8
eQ37UlL/MO34FjQ5GoUvvjyCIrhmhlgYzO1mxeqcMrMdqGyNXSkr16W2kgVPo3VN
aQ0HgpMx5kjCc1OmE2a5G7HQXCR99aIYaXdOZEXovk4QFeK4OJ4oDyGTH18Uie6y
9QuOlebVZJSG3XzmzpQgDULOcL6gL9IjrqWEdvZzHUoW8+PMAn5yRzcCl5uw1c3F
yRC6fJf/rPZO6jDO8Bl+SxipdaZTkCPdL+R+PVUVNkCMoFBZRJ/YiPMZwMn6dz6Q
XGz5Ebf22bj3n5+wVfEhkUROyI5rBe64PeFkByMSTgZRSa4dP7ECj0/ySVuQm9/z
6lXjiYF+kOyBJeCJizBUaQCSPphfri9cfuhYHAPBAUy+nJYeym90HD9SRWtUQU1l
sgY9aJxPmIa5ut7u+wPxWSOp8FvXvfd1G+6/wCuFZ+NN+W8cqLiLC4g2kh2VruQ4
BB6oe1dKARlI80k/BJDAaLTaTHYFLewcu80FUZo3f8FRMBIIVXQzG6WHVaaZi9ir
D/jhs5AsMZUF/R+lt95iLIq+04snbR9X/b6g0HxP7fLIlbomAJbWe/K57RzlV09z
zZG74EyXzlQLl87MVjECg1oV70PdAJ7bckNBzvQa6KFjrvDzisRyExHR3943DLJf
eEsUj6I6DVWg/p8oq78kDQI0CZDtmWsOI2fi7E1mekdwVb4FVjuXqvC3euc/FQAs
MB+ff9T/qTqMyKiChtoCrdfBQOeUDu6++eluCJwki2jFXtd04HsfoSu82DHkQ4mM
DK9aBQXG7LYsgfqkhnxsk4/oI1huV/vp/t4JZzF/yazprSU9s8Xv1UBiBTpD7MlC
EqgHBHKJUJDKZa3Aijj2sGmsQvW6lZf0sFZxfRkQq55ifAaxRJnvL6p671ujnyIi
z6WIX7OyUYSFbT1yxZBLCA4BTzT52MAAsZZcLREMkoASLXFNzHs2hpH710tnFrw0
vz/zUkBL8UImbZAnGH/ob3uU0mygFURpWS7Kzyubd4zWHkXyl+Q9vDt5C3Zu2xvm
1cVQtGHVLCN1TzsZHVByGge0YSO/CixvZqf7CuY0MUQFeW/D8fDAURLtZ7+R/2cv
LoM0a/fj7X+mfJSj0d3iqWipnvwzbNqaZB8BWWqQTHKQrB51XlkDBg7w7Jg/c9xQ
VLBqa/lot/uyc1mHclMY4+9KmqkeM/XPGAa8p2JW2CLHPThq792mf9IKT3ALn/66
s4Oy2g5AO9Ru7kk9M6us8MIlxBUuM9vya6l6xoclKadmIs20fUZo96dJgvDmCLbd
GQEphw35Qd1Iid2Ha+cLgxxiJOn3mQqjPG4HaTWwK+Op1rD4ZYP0znNGFhRSYPzd
xwZrIAN+TecENjlpqZfwaUwWYgpyfso6b7KDergj4MQFfJd6+ZP4fUtdyG8gF86m
cENBpd+XUbhcuYNwoFTiGQl/s4T+dkOX5lZusWy4YUels66IG9xtsVMhAk7ffdG5
t4MWC3ggtR7UMaZGma9jqdT3hsTQLCAbBoy550SAwecRRUmDaYgHX27TALLNAFXb
T4txfd+gr0DZWLQNAtdKPF2Vn57w1Q21b6I2KLkpHExUvh2UfqbCmSEMbhl59bfY
W4xT/POBepx1gdZnx9NdTFyOMgVr8oUybnKN1WzejXhENG9XmOp/D7oeOLmALweG
kt+eS+OrWI71Mtc98LV/ek55hodu+PVbgkNluvCaUftwYJiccwKeDZDsB552Kdow
bXRQvWpuSZv6MLCUJ6UEeOpv18GKCOu05nqczh1fY8FNxUilS4cSG9PsJ9gPX4of
y97BLPPwpAJhQQtwQKKCjMG+9XuN1fcJWdC3GREPeUvqf1daGAGMmdAUGyqUuaTa
UCp/BgXxIvVigOuDezuRqYGVbLmBXVNT3YtYC34uVjgS+dcAtPUJdilPwR5B32Wi
cxQKMh3m5epgcZq1/49lCnZZLO8Z16GlwJxsLLALfyUmjl3JJ6/c4oOLWUSEdwPh
YFGRw7I+eiRFwCJoY0iBA+UMoaCD/4r0PgFc/R8P8gBoESIKaxej1cx7TDx/4hFJ
voDAChuOwwfZ4kyBWB+cexNFSU68AI3cXC1hY2f3M5YoaBYLakXmx+ju902JmiuB
7A5/9qyBQqWLp9iWLR634lJ+raZzLvpbwzjrFkvCZJq98LBV7ZhspgW6OKxgOXLV
XWEvu9rjzb0waJHYJClBWE825HE05QimRYxj4yLyDBJb6LpV4LPX/FG13VRvT+Ns
rHI0mK9eo4HIUqf3uURFHCy+KVGi1+yt9gg0o8Xe1HNNBev3vG87zsB+msbjgjHO
jmRhJC0I52RFlovFLlnS5XDyXOiEMM3xayZIC3jYZ+aaycqzvhARy0XCEx1LWTCI
BLK72LT5VS2HiNq1Qgo2YVNoww8Zdm5cuN+h+uY45G4BA/izG5JMlK8zrC9CYhI4
z2lKedFGYsscZgIlwvxxEQiSmAkX8/mQg5XF593mEOVuKbEQIf1oHHUYLmk6I3W4
k633QWXcKvcBjn5WSObVEulzIHdaupW7YIf3xsumIHEPYromr037u0Ai5jzkYstB
LAAdvIreGfEBXKQgDciHcNee8fJEuRjtVIALzbXlsvuovj8r4XTEOldU6senNABa
XMFCINrlbiEz8hxCrzdxmwED+LMbkkyUrzOsL0JiEjjPaUp50UZiyxxmAiXC/HER
CJKYCRfz+ZCDlcXn3eYQ5W4psRAh/WgcdRguaTojdbiTrfdBZdwq9wGOflZI5tUS
6XMgd1q6lbtgh/fGy6YgcQ9iuiavTfu7QCLmPORiy0EsAB28it4Z8QFcpCANyIdw
jmuPMV2a8HmDBs1w8riS6N+P3RHpAXpFKvF7Nfu8/CXembm7SqTaeUORn3Em4Dib
zF0g/JfZjVfwIhohuVyUBWyiGG9HmjJNp/IufnxEKGWscYLAfad6HP3s9EmAE89B
WdOJUtryKgdZa2oXXhA9QPKNmRO1JySXU43xMxtohCR1zffW3CHtba9oQE2LF1Wh
Dob5ViZqg44NwPwlnV+KOlvAikWWxmETuIm8M/2gZW+ckkmNcwEL2sCVjJc6QeJ3
PgzAeV07yR2NF/MMHWcuO7cECxxZt4EwoCGNgEygxMiABs8iCHqTcewUzPrpYzRV
xjJypPx7jZNsdovVAYldBFBEpmYJktPQPK2jvUyHASfOCz6gebgYXXby4EsGzO1y
VYov9ivapDwDNJCTrGsHSfie9pwLvmVAhBIy5+R4U3C1JRBY5eyIIoY8EpSdbimY
ZYuHKKJSY5Uo3S4I2R+UPZqfKx3Xr5nGS7iGxx5el2e1QEK3wIO76wplc2oHUtvx
9151q7s+tcvtYJZ9hlDtaGSd2UgLBqhHi9iurQKCv05XabbKPN9TvtVc8ZUAJ9Fd
ZfV2vaf7kLB2qhvpmPqEMjgzPWV8Pdq43Iu1s5UsRjQ6dJVv7VFuZeuJk2e0mpLw
/nSd87C2H035JSegyMplu211cjGEDFDwoudtbq4FprrlEYRCbSjEwuPWjsmFYRD9
nIre5NU4zT+Y/T8DpC60ReZVIw+8cbd3VVF/4My+PI5q3vKn//t/fu1RMx2wf4zP
h1bl+W1J7ZsJETeIezVDQz/f0l2bveRJ/FgJrBMPSpfs9jFV1TFHWr/gCjdybV9A
NrkUQtm86nfGsiG87ZJd29MQzrySn+mVTti95m+Phl9oV76/JKHRQz0rRxc/RKun
joxEMot8+uj/oe+6ogQDdZZMysTIwNdoHLBsILsUjHAhvvJERD1eZMkE3qsSWdXy
bbBdZ4Becwpf3WYWCjlsGxGxPXR1b/4XucnOKmDkQlDzjoRwjgpjVAqx9YA+1kMd
DayE4HkS6GB3Ydm57ZzAK7dAyt3KLU71ZCr7PoWtAfQulNNsZCGygjVzieWZZf0W
XbC5VT7lm6q71JPg4+/fRpeIMerVrxKB1JVbRNxWc2iwTT/9KN4MS4zIU46+h1hh
N0s/1EkVHoqUs36rvyMaCP/QwduzEMvIN9Tc9n7zjPqOmiCejBnW2jE2l3uFAPSV
0WkZT8c4jFHjq6CP8mTdlJ0wq47kZSU8jq7/2/yPLwpUkFh/BmFGST3Fc5pv8hS2
0SKLvtszlqodPioO96+Xb5cfCGGu2x1LJswdWJTuyFNJpOkLc+txjoLiB8eIp/O2
YHf9YRonnPgpZz0aTJELGhQxW7+r8BzLcn6YUjJ5GcG0tjnIh85QZUTSUayr0xkA
biWifWR01GgPfC3KQSXBq2SSLGgew/BGd85EOlE9b/MUektb+beDnZi+cfBR8WXN
tR8JfHnwROMpnmcct2qY9Fb2Zi9ZV3n+mDcmmPfkQECC1s6weNIxrOBfi5sI1zol
JE3RadQ/Mh/lZUEus7vXtv0pPW4gTWRJL/ARPUy+1CWQN+6tW1GRYumTkDfBT3Fs
ro5MRdSBh4sjxup0ciMQ19AHcvDMymy2kgOnnI94lM1Pt0PE2pbpjgEWKfju0pmw
OREg0lUTvWa16OiWqVGEOJUMKK2OmshWrHyrfLRcLA8OZqBpGfXtvmqX99/30b3w
/hHu5FNO8zmmnPmPfDYaso/0KqStFah5gq51+XGCHcE+777IS1W2ZH6gHVP9s93G
WkG+Z2VQxwKFC1jxjZx2RkBy4VDpNp/FkGm/n6N77YzhhIvvHfyE271H7FIshlaP
8M0LFpw1aVy2KYGO67zMXHUvvQ2VdvsSlSyOREUER/Rj4TX1EpxibdUJts7FdPbh
xQOnhX+WuBh4KVUETQmYOs02kmWsfJeCQn0AMhd06Pk2x3Tk8vt38zKhrvNojApv
dI38eBDnv/fj6EcoO4nnVaS24VSaXaka2w+82Cq+idxpz/3iBcNzD6LMlxcs5hLw
T23Y9S0Vq9RJUqqCddSLWb17knmtVzPU4T3wnbPWqMRqvWikPIWHT18fkyJPOgVp
p3gh5xUqhCDlyrMoOeqOQ+T3NGrDQpsvh2E48xNPVSNzOxBx5ZTBriX2Ch9AXzpU
s0liGTDRbgPO5wpTwW6IgXf8WR0UXUkwpvW6Q9fGRpBb64Lv7yuPXyZzPA/Gs+k1
xewc8dXdnEpkXDjukB/LG4DKg487l7Kby2YLhzkIcs0nHkd0T+4q+E7/k3KPXCSE
9159HUznzV6WK9o82pQH7/o/pGdbFHo+qXUGl6Z1ACqpNTcUOmNP9B/BpjFcPXNK
EZVtpWO6Cj+AEsig3xzZgYJuq+FHfCi3Jj8uPlW5jQgxdQ668SF1AZ4rVI4y5Qym
n9CVIs6vEGoHj2PzwTSwXaXQ0mqRrcMAREnXD+fdciUXNI4FD0aldFLH4Pa6SyWu
7xI/d4Ktdiv/XXbrqKbzmFcPeXdsT3PIrQ/dpYwo47B8Rtk2yYiS1Ow78GT4V30Y
bGgEy0tyoo0Dla3sgjLlqebKm5uUg/Hfaz3NGrWj3NrvoryeIh2IdH+Qt6emmUM9
Dn8le5fiGP5cFna//ynq9kjFNuhkrvziIa6Yrh9wzB2eeit6sP6ATWxXZpUOhfet
53goAu6aWyQB/f11vj+/WNqPVnmWRir+YxZkScnZRfKxlTgO10NkY0qODMwA11Yj
15r6pvfT7A4olXSnjhTPppgX5oJXtVb5EL9dN5x/OJL1dZMYkx7LJwObydYFqXvI
BR39gE/O+KN7TgUR/MalQU0cypbxuqV0U8yhF9HEX7YcslelyhL2j2Ec8mWqNR+R
rG+YkEtVkETu6vtr4y4L8I+bV4gDjKfFi2rsQ4en/5jpy/dkUVusBOd6yMEFDIcn
qE1bpGAHf8r+zZhMi3hAFDrNU3pyueGPdTWSGQTmqjlvjIegzvRSBo6hhsgHfxxv
UcIb/RAM5cQOwGfPsOqt2eWmedGzzcR4pBAMNoakPMwzLg1v0yFkPZQQulhyvj20
AymxpnF4khgCgc/im2Wx9UfkwYYL84anSmrbMDJKnibftcjnX8iFFL66JC4U8lYC
Qy5JMObbbmNrpQrSOLoctfgFr/chNlfeKfSR3JpXUTcmezUm+0nTmSQU/98V1+eV
30JNfkDSJkFqOVZiw4hn0gLkxtyGQVNohlEnOX57iJdkM2ZXYj/V9UgC//zB2M8f
/0+e+vVxJi7Xd1UV4ehXODJ4bFBwdxgpf7le/zG14Qg601jDHDHTi9ENy7cIZ8cO
4u2mM6UrEfoQrhMok3bOy9eF7qlf+l+0bqbfuSoFNzhJDgUfTk9ls21G/tEQKZIX
bIfOLcqyxqLwiNv+w6f5fJl9rNwHcV6zf0BkCrnXR1iXFmGNt2sGDbc4BTzmLEJk
YabPsu9d+G2xrsz1P/EYJNwnUyzEMMsJKUHo7AAyQtcfHRiJ/DQbzPVyP7DArv2E
fPgq+U7bmlwPDEQFoJsoEuJYr+J2PJfUVMrJDUA4YaLKzREPH5z/oWAY+KWpoIGO
HbtSFFQEVtogpMkXixxkcfiXe3VgI4YzyaFKNSneG414gPoqKZpMR2SRvYjekeQ0
wzHuarsZ4o2vPAz2wn3npHucDStpMK480HlbFSYlqnb5mQ8NP87PUpfp3ljyAjnC
YF/2DYMMaDS+NOOWgoxn+GNgNj3fwZ6wnCrpGVyYXQ4sfFpiXQ7tLWneQ10aKt+1
J8PsK7yWbrJqS8JxZdZ3OxCYn3o2ztIEUoLHfp8b4KGCpSiZXupncO/Qu/38gXNx
zQlghbinklnsJ/m1I/rR/9ScgJW9d/snoVoe/OrlWpS8Lfw1BchDuS+G+GCIJ45P
I7QsxIVjFIoTNXCBZVA16y1PVZPu71OCxqZqJG3FaK4xWzaNIO9o/YtkdqLE2Z2s
elRQgfWDNwsKOcnMqHoiMsizkuW11ewogt9Flox8CtpXIk+2prTGM0BUZLldf0Qx
IHuWpb3/TrYEouXKrcMRTledONA7+ILQt51nH6CgTg3ttAuzqcaqXUU2GCjROJ/2
YhAaTAHbUwhPBPESGoctLuvAMJBfeH99zwYOHz08v7NRjq9Jf14hLZMUpvxjTzi3
iOHltdVgDLcITpa43zMOtWbgwznUm43ezGb7nmflAP2ARc+Xwkkmeu586KLf8uji
1dNh/Gdck2cU7mEj1gapM3CRoXkHKZxMMmd2cvTTO0RT9zSQvrGo/k6SzW639cQu
FheTwMIRxNRuSbh6Op0TJorL8oR4P9mQFI9g5OwmRt2sIJEirduqBvbFSJydVNQJ
XlCzSlX2E+kH31e7zxaQvb6iK01X9qYoSjMOXuq0SHjgM4vfFWGhMDQj3s0A6DAT
xuxrO08uxWxNdSdUZl7c47/1TL0lYpmQk77D1WKbryC0KtrLmgflo2FB2y3544u9
Kzraf86w79RMfcWDEn7T71Yq9L2MDVD7Myumj14EYka5ce9R5uXpj7wdwhvBIKBY
cWyLJPHPMWYJnoyxR/MydyauvwM5JZhXn0+pAMxEUhxKiLWmKwwicO1PsKOsOO1D
IkV/tueeoRYKTfbmIKQvesq2cnsjusHy+LQo8uD9XJm4i0gKwEQanDb2zd71wDjG
TZkEXcmSdt805XJVXkGW3ZINeJwrh1l2j/QwMw3nn+sqEG9582qGi+aP0NeUjRtC
OIZNB4QlnvNjQZtvKVCIjcwrog3jv6WK+zZe6aeJ8gNApPQiSutzwdPnqiuekxSn
nqvH2Jfofkp9yn3U+FG71rTnGhxaP+iLai2l3Rqt6/ZcACThPdlNY1E4/LZTy3JR
GOWDHZXyMkAARU+55uhwVIsjKHvMJOESqNXLU6tHmbVii4YOSEruTt62DexUGM4m
zVKtNfqMsf3OwdkTWg+skgc8B5M+u8Uq17aMBLonMCeRMW3MBNjpkmf32veqI1mM
vOKI1bKkflqBxWxinciMT18Q83yNOWeSKeHBlEtys4TUy1v+akwEZdBnBzSChhf7
4rXtdnZ27c4tY6xoVi7N9NBmbMw5O85FZeJ+H8MmSskvRe//2HZ8zzV5H9C8SKNr
oCS/W12vvUL6P94e1ObEFPTEK6KlR1hVbGIUvaFaHtT1X747I14RilZdTN01/1Lc
xy2Cfc/dj/8gN7EzJztnRHmoT8cE6Ql7MKrR8zOgNN1qisaWhUCud6vNV+t+0rI/
qx6aYk0iaDhGjLYFh2XT8dsViv7/RmvUGe7wO/l53lRCqDWVCfwadJZ+xjUCyb4m
YJApgVMTPj01RxPeVBQa19gO3mEitv/JFqeZdTk4lOT8nkbcvQYYw5EWfsnY//Au
SyZvyhlmxTcMiWFZHP7hlRNc4jPiBc9IY1p0mWNzNDPzfNA4MGOz0iJkig1z34E7
yi1BX/zpPxL9KIU+R9y4xv+DhHdLaMD1JS8PfRofPZbq0ivSlTx49yNHhrftR/xY
w3d/Nn1VLkqCTcpqy1lJNgfUEfCX9blSsVXndEiF2kqvy78rINENLx2JkKCKQQYa
klpzKoEJcT7saeC4hDmEuXLbBvUMHY3BuiusHpmyFYM+ldlMiAPqnEsjt7HVahvF
SBgzGJ+eqQsFsTUbLzt/Ye5DKRFhE6UsOPcELhyKwCwTo/SX/jE1Idbnr+tzkIUN
CawNGRVVSWo4jD7qj8pJ3aGNmHjM7UG4e/xzXCjW0dMz05WTOW35x0XPbZeQNgQN
mF9UHtNPsHWET6X35nSlJTEgo5ouyFlleUNIsZPV0+eQSLnIlSGlWD5NG7+CVuLl
TziZ4qxZoGmOBe1O895ZoBWHJ5JmGlo8EJElGgnShgtdWjP6L9Dr3HAP+LBKAYO7
bsrIiIJW+HsQ4CMmKB/lyq6EktJJJj/wCTO4A2bK2b6XNcBMgq2ldfPmZJBGF9EY
kegvPstZbH5n9+c9riOD7QKNgaJEdJBfH+aW+ruheGxRZT4GRp/XupvvvDMxeH2c
379zhxk0wRx+q2ASJA5JHQa0pLpKfq9YAqOkRS8FHEYSllvhmceW57VqTlIa+sD0
T2rE3VY7kMiLlZhCeV8iL4TsWYIXhVuVAv7CLF9D/21FtzSI2bu3nc2/cShOgb+g
rbDRUksaeciQH9euQf4JEUouLgUl+1UJkqoFbRz1/x897K0MbTHYT04OjaHQlzA/
7mo7oT+pqto68Swwd5vBliqIsqtPMuyv3DU0NDbO5LeP7sbMHBMncHl+rUh9mZqJ
1yYH9uewOWx5KnkOe2Kjx3bEyK1AuWaIaKEmjqZ1vq7IulW1GjXyddy+sv6uY/rp
ozvizS/zTvkkCwc7Cw6n4udwH9NqfrjPQfoCFML6rdB0+gC8kkTbyZhXysgj//2h
Svxqds81ekNWMI2sNi8+en9GaIGzV9mx1jp8ylCHTyomjZppSkvfe70K1HvKUrlW
ZhbgDBOYIiIDxwlbV4PZOF744HWw/WwJNEaQLsnjAbxEZRipnIwo/7XLxZYCXmst
qLMFN2wH7LrOVX2oEf/Z46JyFHP5ZMyh8S8I+CKwOxjZFZrVh6zAnMQYgpJmzxSU
UDCxaBgeK2HGRU3I2Yf8wLd3lmRrFqQ7DlFecBhDAsKvDDWN6u0y6t//q3eLMwvf
qO4EsViBaFJHFgJe+aoJmiWgt3PSwIo2mX1chyUn1XDP8zIiuGBvv+ws6GA5IzJ9
yXPd4iSEpDCqrlnI8KiASVO9iH44jHaXR+TA6TXU/FZjR97B9B324XQGkAfLH6b8
KO0GwMh8nsY9uGNEx93JyEe0zTi2HWjxkhiTWyCMxkbmql9o997yk8RrH3N/A2vw
JEVBKZMKMg0ysKbNgplJP9YX1qQBRIu9vjZq5N03sfu8ygsrLErUx4ANFjZq6czy
keJ0LokXl3azX2ZYPjF0hUD8UdG0E4lpQGKXT6vu0cJmU1vE/jiiIbLYYm9evvh3
D890yi1u2Wi6Id167QGdcL/m9FmwzT2SjEI6PXMNC8xYnfkDo6KB48la96bSvAZD
UzT+qL6Vd9I9H42T3MPjMvEvhBpGCQUWZiKL/f8gMUsxwXBO1mMPXOWg+5tHvSi5
WGPc8VnSBhY+zfiV/T95YgTF51oMCNzqvz8PB4dDjOneZP98/bchSCzKdgIsbxwd
+gBAbTuhiemiinAgjhebVA1EEaRjs67YzWLZPlP2bY6SWfql8UOfIyrPnYdD775J
DYxw7MImgJUFv7kmvMctRNspOwtGwvXLBSmfZlogXiaglupjr0aoFs80zIUpymm2
VO/xSEzoQYoIEItE4k7F5eTXV+2FX4oN47QoHtJGUS2XwyFXrTHnTFqUmz/OdWFO
6iLeYjKhfq+Sy1BOz1ZXFptNpvtqQR/iSc8M6VrSNP95eMC4fl9EpixUF9qVqj2+
dIYem1DtIvkejmsiEuyiHuk1pWHO+DRyvSa6Ysn9i/UpqUD+BDTdubPJkTvKwks2
nsR8cxyAHJyk1nhHEI5TLt1YftPW7s9KZgQsOy1G/fE+5swD1yadm7DxiIQ3oozn
7x1FUaDbxgjHaDyastoRPV8WrK5/jj9qOJBAvSLp4FCRMFu56aWAfbVDZXFEC54Q
f9BlqNaN40TN/S7xsJzd+/f9W9kpshpqnkxjIx0rj9eftuzzMauRMUOa591Nk0S6
QoRCY6xmw7jxC44b1K9Q3vKJwTnnVSd/IdZpSUfJZm3EPKKcenXqzCpBW41GCb8A
9oSeqrkh79EOzVZ/LgE84RBubHnKOHcD+SA8AExnIP7MNSl1untdpva9GKwLZxxt
YYcX/V1OadbeoJTkz+sGbGOrkma5J/jeenIFaUi5idQbaxzWYKKa7mAk1ivBQeK1
tZzDzpywm5TjgeFZ1XrYHeVVCiHumubzsHLBzyADZ2DCHuB5aPYsWm1qyUqJ739f
54DBOu3dqJg0ONYhlQl1kbHa8YRgsRrXtAAujEuo7nboZQEacQA6RYpzkmf6pGVL
lSmrHOasVKh/Nlfj4f/8Cy3bZU9YjNxjvGVPLtEPeyjf3Xxe25qML+K/4BKMl0Zs
HW0rdyTf19PgwIOwD5YkuVtS5/LkaxPMjxl7hBvc1aW6agbgLev6rqeLsmEibc9i
7Pk5NNJvng0mAIPbpWLChw7L4oVRa69j0axM0J9PfJ9WGj3lfeXrO10fgvkBx3JM
KqZTvZ322eoocD9qWycpet42aW1ZjwrSy01q3M3RZhbVs4WDaauNZ3bGK3rIZ6H/
8Pe6yBe447nFcDFs3s/VYuiMcWSoiJPN900OEgLKiKzSyApZsCT9p7vsWRHd3UvQ
N6EeAdiY4EWh2kmJP8GU6tcuVTDM++0ncPMZmFYlG+83XN5a/E14jtDOB6IQR1+q
Wj32fWDiMhokmLzzQtAf3XERrD/roU0vBjSoGFWcdmH16DVQLsxHDCUu19U60PKF
bO1bwzhbgMkBjqN2yOdw3raXsXsTUcWmS4PjgqPu/Iie0mS5WLH4OOX7Z/jL0gnl
wEn5vxSEkWGbctSNGKWOixcEuF8K2YQqxAJsBGo46kSZI4mIaE/g7FI+w3A19h7S
FJ8ioSOL2gpw1nETuQ4B0JCgGOqIq7Ejnblbv3cb6eu7hI3H1IF4IS8SPmp4adtR
BhIUANTMAujDgKKjYADz73kS9ThEn1YNhHpiP/HPRdH/u6RkwUIQdm1x2dD9W/wz
O4TDb6fck9kBSKlFiXt6XKtNriYhIZnXi+qUN3qxCwSIxYB1K4queY5wTfTtQaIP
FMmW12tT6QdTCiYQEW7w0qeUt+uftDGyxnSKbWTIfb1u4IImtZ9eQr4FconuMq3Y
+4wumunCGzZFyYCk5ZXY1Ae+QfppGldqK0ZVvfA53yM6ntwd1q5CbQc0StFKbLID
DjYwKSrJhYmhlEfNsv8K+CNcqJTN9hSqKfrzDayYAvx9FIHtSqaSfZtfcszjkjOs
C37uFwJG1Rfw/jSYF5gA7AU+IjPeyWrIQStV9DPZNOjncPCQY2Skr3il/lLDZ6lt
as2BvDkKpHt8taWbGO61bPpUJPmu73RxceV/Aq0q5XAxdIclJBOqi32T9VXdEgE4
/8Maqq3dISdeTeE3AN/8iyT90BhKtIJZBddHod4X/zAhzgOCl1VczbST0DwfGMcz
jANhs/Zt8yMLrR+na35YqzBjVLN7/VzSv+5tXuhaocdRQH0NYJfZmXHnM+UQ+2Vg
gtQufOlsRRmJpE6/iCgNfKG/sKwlY4c3c25dKGw0NZd4F8z8ZYxl+Ia6cXEdsawP
kt6zaiSvkPG90X62m5Ube0L41IiadLUuq+4vvNf2UgrNCo2IZjbG8G3ta8O/ZVGk
9tjuBzUDTRkN/IlKffoCaEB182djw/wfGF3CDGNiyWPpFi3DlbPQECBDdI7UmZID
bGVxWWpoTZsYoRy6A9r6Ffk3hr/Cj86PJtmUpurvQhCBp/S7CniUKorJ3oVb2dnA
n/p46b/HSULTD5QVR47vGAHX3M1ZHuUrf0uYqlpOvCnqpr8ZOtbMJTfNtq3rPl+j
+IQsTYqs0+XMRhAud28safI/kK18CNASIV1fea4gMSoChoNklEgxMKkayW47Mmif
K5exnLAP6gxzKS2ocpuWF9hIAUU/kfOrM0TD512olsL0YMvvOz+cNL2bIBOBPrgL
v24jwuaNMkv1BHYz1aU4XeAutuOD2nHQp1TGV5rg33kNo/fTk1K2lqR/3EhL+zCu
LJlx7mUgBHbfq36QvccRKpu6PL5MewFJBTkCowom4pBdLLpNz/RzvwCQi+vUyMGI
wL/mcJrFV1Sl+X8cOtN7LM0wxtzX7kQ7UvvVCuiDV25qn2x/vqq8JXcUkFcMpxtG
NmNghCIe/RFZ6Hx/qvHbOdOgkGgONpckUlSjRvvEroAL94ihCpnPpDsnx3RLYVZ1
zF7qQGmYMtE/g3EMgQbbR2/e8QyJnF6UB5ZA1Y+YQq/9wtWBv5GwxTx84e/YYC5D
sZzSDbGE1Y5v//YI3uOAn4lXi9wTiVbyYcychEuTSOvrP82lbgkaTaMZU9OD+H67
qTvxvhl/M1IzEfe9JxWqGX6cOCSMP+zY0+GnxJ9jT9LVznwtNTUbqPc8D90AklEn
juBOfW9sVF4slgE+FCk2ZdyF6Q775XZPCfkPFgt81zZ+WL3CEhEtEiOa0IjYCTCZ
qL4ei44QP06TdhgIIInnKELp2aSB7wz6qfjigqVcFIGQGZTFYwDSjryMK8S76GNG
LzczThABiB08OaMf78xTqb08lhmEHlO84vFGsDnarARQ3xLr7V8urGTHICcqnDCL
toKyS/qlCQu4EVnugFBXK01F7V9wjIs2r0wmuUifu18gYXErp89ziTH/XkvnILZ2
O0TtqacWzGdXThv1q2P937Dn79fauijp8WHAYcKm0LTuEifPBG0qjbwtNp6Vx1Qh
LUlB8f4L01hP7KjfreAfLtuZEd983eFE0jD79jNGG5FfK8Ga6XmfoFSZm2RHblKs
1NKau7+MDfrR0VwxdQg4wzUPQp5DdM2qpevLTqwYtBmfKQZh7lTyGRx3iDp+Tgab
y00dGNN24zdUhSvoqh1J7vxRbykuEQjFEWY3lJNTnrqDQRDEwt8KEB0G8KBVe4yl
E9cAHkx0vaRfzKfZK7Hk9gwpM/uhOlxzWMFNWAnyGvWwo+Og+EuCiLLIOAQRV257
8Z3ikmfN6bUdNdlvklKSKFjg4BY8vyqH8WmqZ65w20azLr3vb5Wj8ExmO71WGQE/
fOG4ARcbCiJKyvu/PCrTS5h4CfEdELvp5FbNNHGLcp0HnmPApIQq9ka2Ay/scjdm
VIRB/sivEyFEo5VqtcvlVD8q40H+x2JUublxdRr/T3VVYwXmmcu2r+pVSRE98GJq
we9ua6k5Tg+2h7Xo9vyvvbgfpw94PHn11g3Ax3fcaQ97ljCkqlGcECb3ioXiNEJ8
+S2hhGQ+5dyr4V9eZRz68IKVQT9IsUJ/G4petGAL7h+ckrbO9GRO4g+7WQmPRq3v
kA7FxK4hRDOO0Z1Ap/v7E8pheQbp3j67eWyk3cc0ZPHkKsg5i4S/m1/RoGLjyWsC
wC6YKe7XIFSVnuAgC5gs2gtWcfnAxUHysY7HU1eEiT3LrZnWgSOhyNGVWVzim4cc
D35e1Ygk/VSC6zHqjT8/1FVrVM+R+/V/BLRgGEpyPojuwUjj6fi3e8qYcfIVKakP
Yfjnsg83oTZ5lzCkEF4JTSnSVwDmpfl73m48Ukdp1oA+d+elj2kjTovDzSo/iZR+
KQVw9qxAWq0+2GQULq2IJbVFiVUKssgABZjhdIjRSeFH5ovwG8FLOwS58tRCbXMS
ZS8R2zewhJ/N7CQsAk7CX5jyiuazygywb04qSIV4ilylpCKqoWiq7GEv9yMuHxBI
t1fsMACpmRuejDIBn0jE+dEGdaMCNBHgSjH2mpvg85OCdMonFlenniD998RBtnVM
g7cRYzk9msShOA3vdMtUSx6ZvbBdSUbkL5VYNeFWo/a4REZ6nsWYmWiqD6CGnmLO
nhECPhEW4N668KUg0mdtcAq4isnia2XxwU5kBAENrWLQih0FacEsn44IwmcVgjc9
NG/AL2O5w/ONU/zeaz/xLRGfYshaAu0rXSw93w67fGeV2Gd5rGRkkbhkbkOaZwhh
cNueVAmIUYbbQyEtVHAEEtNLYFMQpgHFU2rLqn7AhAGd3pt/UrmSrUsBnj0Fmpmq
4d519RH6XSPBWxnncwspP0RaOfkeQfQ5pRKVGPzxM1rrCkGQbRLVREY8UHD+uDzW
j1dGh7h5X1EyrWSTt2bxQoDcSM5D9w27EtZcXUH71Yl0V0CWV4e5e51e1XG+al3N
+WatHSb/4a4l54nZSzVy1s3lAbQ8xl6OdhTOAkk3Gi/deB3jbGH4rmwdUDC3M/QS
BDzzcVB2HX0sJaXCFYOhQp8Cmtwi4vpyPMIK+Se1aVNYk+0jcgFkLOvv6n7pF/Q5
8RWz7LnqxrVLO7Nen6Nod6cjHNs4iJCkh/Sr2TWxoRYvr5+jWZU29sqCcG6M9qX0
7jneiCUFvbV2Egl3TwCyQYc5OfYlBbjLw+I4kwJpAQkuQP0LIm6sZtCnP4B6GTIc
3IHJrh+qkQT27DgAC0dopTh06Fx+FRPG1T/o619Oik7zWr+apcv986Ee0c/AFQRA
I0mmm1pp/ZoFegWu8/VFi8JjKUL+0Qsik6M1TNTT1LHwiYI59S98b6w7oD6BKeKB
+g8RvoZG+z+SFDSxZQLmmBk4FZHtGW/zthbc8hHONu1AWTIu2aPIPEP/srvq94jY
CP+TmBXDct48tHi3Y9RUTHnmVOXTwqBPI0z0A9xwioUWeh74ZTzkTppPsCwcBQvS
da0iQZTC5/+qf1wXqWlzUZ5B/DPYaj8SxucpdWnpDVylKepWD0tajdsAUI7SWH/B
H9VGTrOrJqlrmei7bruIQe8En+TayrY5DUuFBoG1VjmzUp9gtlWNbgR4d4Ii8yQq
W8Cb4tEbT7Pr/dH0HMnjJZg+B2aTYZ6XJ6MPaOOjRv2n/aXKqCBy3we4UHXHP5hs
jMlrfIfsWE+2RAi2i9GJt1Zj3w68g7MZtPrvB8s+Zg2bxrSzT78ixdE1yIwNscIK
fKI79J6Ee4cpq5XrwgQJulrKD6vmakRzV26vIlakGoh6Q7TSbGX+xQvNzaogK0Mv
HcSpT1E7UYvhGzzW6osF3yBeKGpvF92y/3Qk35GN2lU1e/tlmF+JxK/BSTna37+u
HC4LNs6kHKgKcIMmiJifpKgaKPP5yHQ31St+4TvWk8AYE9ySyl4KOw9usOWMJcLz
E8VBg+RC3diIh7z9Ae6/Osu0O5rh+7QfRv/gIPCdxHR1jBAvh/EgJdsJOF+n2T/2
QsOZCYoycfaxdHF8v5NBv4q5xDSfSv7oqPbqmk+VeaFK/CsHvu5iXT3rOT2Kpinm
yxFs4ikV5OQtRsWJ4y9kz9d31adkKtxSd+clm3GVqIESS6Tw4Pyr6JxHDCfOTMTL
O/1DLb7hFzxmWNsQeGUXas2bQl9zzfw4ov/Akx3GvkfL3sEs8/CkAmFBC3BAooKM
wb71e43V9wlZ0LcZEQ95S+p/V1oYAYyZ0BQbKpS5pNpQKn8GBfEi9WKA64N7O5Gp
gZVsuYFdU1Pdi1gLfi5WOBL51wC09Ql2KU/BHkHfZaJzFAoyHebl6mBxmrX/j2UK
dlks7xnXoaXAnGwssAt/JSaOXcknr9zig4tZRIR3A+FgUZHDsj56JEXAImhjSIED
5QyhoIP/ivQ+AVz9Hw/yAGgRIgprF6PVzHtMPH/iEUm+gMAKG47DB9niTIFYH5x7
E0VJTrwAjdxcLWFjZ/czlihoFgtqRebH6O73TYmaK4HsDn/2rIFCpYun2JYtHrfi
Un6tpnMu+lvDOOsWS8Jkmr3wsFXtmGymBbo4rGA5ctVdYS+72uPNvTBokdgkKUFY
TzbkcTTlCKZFjGPjIvIMElvoulXgs9f8UbXdVG9P42yscjSYr16jgchSp/e5REUc
LL4pUaLX7K32CDSjxd7Uc00F6/e8bzvOwH6axuOCMc6OZGEkLQjnZEWWi8UuWdLl
cPJc6IQwzfFrJkgLeNhn5prJyrO+EBHLRcITHUtZMIgEsrvYtPlVLYeI2rVCCjZh
U2jDDxl2bly436H65jjkbgED+LMbkkyUrzOsL0JiEjjPaUp50UZiyxxmAiXC/HER
CJKYCRfz+ZCDlcXn3eYQ5e9m8H0+5d0DsU0CrOwa8WycTNMsnB+PGVpc4kOL6NG/
7A5/9qyBQqWLp9iWLR634lJ+raZzLvpbwzjrFkvCZJq98LBV7ZhspgW6OKxgOXLV
XWEvu9rjzb0waJHYJClBWE825HE05QimRYxj4yLyDBJb6LpV4LPX/FG13VRvT+Ns
rHI0mK9eo4HIUqf3uURFHCy+KVGi1+yt9gg0o8Xe1HNNBev3vG87zsB+msbjgjHO
jmRhJC0I52RFlovFLlnS5XDyXOiEMM3xayZIC3jYZ+aaycqzvhARy0XCEx1LWTCI
BLK72LT5VS2HiNq1Qgo2YVNoww8Zdm5cuN+h+uY45G4BA/izG5JMlK8zrC9CYhI4
z2lKedFGYsscZgIlwvxxEQiSmAkX8/mQg5XF593mEOVuKbEQIf1oHHUYLmk6I3W4
k633QWXcKvcBjn5WSObVEulzIHdaupW7YIf3xsumIHEPYromr037u0Ai5jzkYstB
LAAdvIreGfEBXKQgDciHcNee8fJEuRjtVIALzbXlsvuEFuPQrwa/lolweEEom/gm
aZ8gszasYCZAvy2jFnFvUNuhiKxvsI3dbmS023DeYGQkKgtJyHK2nGIBZdcGKTDh
s8WHZ92Ui2dluy+wfJR4F73cRcVnYHxs3mqIF9BqdjdY+WA75IME+uJAWVI5q7yI
Jt9V+rBFnAjT2DAMHCHvL0vDU5C/5SMs1NVVMn8KsXTY9yb0F1WUlGyhlgODuT+o
8ie04JHpem9DWWZTH12siGlATAojxouYyJ1hfZz95XWgxRPimZl06u7dM3zQ2ZcT
Q6ABd5IHH5ADHixhay91MA==
